pyCPA - Compositional Performance Analysis in Python.

Version devel
Copyright (C) 2010-2017, TU Braunschweig, Germany. All rights reserved.

Permission is hereby granted, free of charge, to any person obtaining a copy
of this software and associated documentation files (the "Software"), to deal
in the Software without restriction, including without limitation the rights
to use, copy, modify, merge, publish, distribute, sublicense, and/or sell
copies of the Software, and to permit persons to whom the Software is
furnished to do so, subject to the following conditions:

The above copyright notice and this permission notice shall be included in
all copies or substantial portions of the Software.

THE SOFTWARE IS PROVIDED "AS IS", WITHOUT WARRANTY OF ANY KIND, EXPRESS OR
IMPLIED, INCLUDING BUT NOT LIMITED TO THE WARRANTIES OF MERCHANTABILITY,
FITNESS FOR A PARTICULAR PURPOSE AND NONINFRINGEMENT. IN NO EVENT SHALL THE
AUTHORS OR COPYRIGHT HOLDERS BE LIABLE FOR ANY CLAIM, DAMAGES OR OTHER
LIABILITY, WHETHER IN AN ACTION OF CONTRACT, TORT OR OTHERWISE, ARISING FROM,
OUT OF OR IN CONNECTION WITH THE SOFTWARE OR THE USE OR OTHER DEALINGS IN
THE SOFTWARE.

invoked via: run_analyses.py --input models/chains_async_3_3.graphml --print --run_new --output results/chain_async_3_3-single.csv --max_iterations 200

add_mutex_blocking   :                              False 
all_priorities       :                              False 
build_chains         :                              False 
calculate_difference :                              False 
candidate_search     :                              False 
check_violations     :                              False 
debug                :                              False 
e2e_improved         :                              False 
input                :    models/chains_async_3_3.graphml 
max_iterations       :                                200 
max_wcrt             :                                inf 
nocaching            :                              False 
output               : results/chain_async_3_3-single.csv 
print                :                               True 
print_differing      :                              False 
priorities           :                                 [] 
propagation          :                        busy_window 
resume               :                              False 
run_async            :                              False 
run_cpa              :                              False 
run_new              :                               True 
run_sync             :                              False 
run_sync_refined     :                              False 
show                 :                              False 
verbose              :                              False 




Results for priority assignment: [1, 2, 3, 4, 5, 6]
Path	TC
t22	146
t23	466
t11	10
t12	12
t13	34
t21	73

Results for priority assignment: [1, 2, 3, 4, 6, 5]
Path	TC
t22	424
t23	216
t11	10
t12	12
t13	34
t21	73

Results for priority assignment: [1, 2, 3, 5, 4, 6]
Path	TC
t22	407
t23	1462
t11	10
t12	12
t13	34
t21	695

Results for priority assignment: [1, 2, 3, 5, 6, 4]
Path	TC
t22	445
t23	159
t11	10
t12	12
t13	34
t21	94
'max_iterations for t21 reached, tasks (likely) not schedulable!'

Results for priority assignment: [1, 2, 3, 6, 4, 5]
Path	TC
t22	0
t23	0
t11	0
t12	0
t13	0
t21	0
'max_iterations for t21 reached, tasks (likely) not schedulable!'

Results for priority assignment: [1, 2, 3, 6, 5, 4]
Path	TC
t22	0
t23	0
t11	0
t12	0
t13	0
t21	0

Results for priority assignment: [1, 2, 4, 3, 5, 6]
Path	TC
t22	133
t23	390
t11	10
t12	12
t13	47
t21	29

Results for priority assignment: [1, 2, 4, 3, 6, 5]
Path	TC
t22	343
t23	190
t11	10
t12	12
t13	47
t21	29

Results for priority assignment: [1, 2, 4, 5, 3, 6]
Path	TC
t22	187
t23	1445
t11	10
t12	12
t13	55
t21	695

Results for priority assignment: [1, 2, 4, 5, 6, 3]
Path	TC
t22	445
t23	59
t11	10
t12	12
t13	49
t21	94
'max_iterations for t21 reached, tasks (likely) not schedulable!'

Results for priority assignment: [1, 2, 4, 6, 3, 5]
Path	TC
t22	0
t23	0
t11	0
t12	0
t13	0
t21	0
'max_iterations for t21 reached, tasks (likely) not schedulable!'

Results for priority assignment: [1, 2, 4, 6, 5, 3]
Path	TC
t22	0
t23	0
t11	0
t12	0
t13	0
t21	0

Results for priority assignment: [1, 2, 5, 3, 4, 6]
Path	TC
t22	50
t23	326
t11	10
t12	12
t13	79
t21	29

Results for priority assignment: [1, 2, 5, 3, 6, 4]
Path	TC
t22	343
t23	61
t11	10
t12	12
t13	54
t21	29

Results for priority assignment: [1, 2, 5, 4, 3, 6]
Path	TC
t22	35
t23	373
t11	10
t12	12
t13	89
t21	50

Results for priority assignment: [1, 2, 5, 4, 6, 3]
Path	TC
t22	348
t23	58
t11	10
t12	12
t13	54
t21	34
'max_iterations for t21 reached, tasks (likely) not schedulable!'

Results for priority assignment: [1, 2, 5, 6, 3, 4]
Path	TC
t22	0
t23	0
t11	0
t12	0
t13	0
t21	0
'max_iterations for t21 reached, tasks (likely) not schedulable!'

Results for priority assignment: [1, 2, 5, 6, 4, 3]
Path	TC
t22	0
t23	0
t11	0
t12	0
t13	0
t21	0

Results for priority assignment: [1, 2, 6, 3, 4, 5]
Path	TC
t22	50
t23	55
t11	10
t12	12
t13	133
t21	29

Results for priority assignment: [1, 2, 6, 3, 5, 4]
Path	TC
t22	72
t23	47
t11	10
t12	12
t13	134
t21	29

Results for priority assignment: [1, 2, 6, 4, 3, 5]
Path	TC
t22	35
t23	86
t11	10
t12	12
t13	138
t21	50

Results for priority assignment: [1, 2, 6, 4, 5, 3]
Path	TC
t22	72
t23	42
t11	10
t12	12
t13	134
t21	34

Results for priority assignment: [1, 2, 6, 5, 3, 4]
Path	TC
t22	65
t23	65
t11	10
t12	12
t13	195
t21	131

Results for priority assignment: [1, 2, 6, 5, 4, 3]
Path	TC
t22	72
t23	45
t11	10
t12	12
t13	210
t21	146

Results for priority assignment: [1, 3, 2, 4, 5, 6]
Path	TC
t22	252
t23	753
t11	10
t12	84
t13	42
t21	133

Results for priority assignment: [1, 3, 2, 4, 6, 5]
Path	TC
t22	684
t23	346
t11	10
t12	84
t13	42
t21	133

Results for priority assignment: [1, 3, 2, 5, 4, 6]
Path	TC
t22	779
t23	2909
t11	10
t12	84
t13	42
t21	1393

Results for priority assignment: [1, 3, 2, 5, 6, 4]
Path	TC
t22	705
t23	286
t11	10
t12	84
t13	42
t21	154
'max_iterations for t21 reached, tasks (likely) not schedulable!'

Results for priority assignment: [1, 3, 2, 6, 4, 5]
Path	TC
t22	0
t23	0
t11	0
t12	0
t13	0
t21	0
'max_iterations for t21 reached, tasks (likely) not schedulable!'

Results for priority assignment: [1, 3, 2, 6, 5, 4]
Path	TC
t22	0
t23	0
t11	0
t12	0
t13	0
t21	0

Results for priority assignment: [1, 3, 4, 2, 5, 6]
Path	TC
t22	133
t23	348
t11	10
t12	21
t13	47
t21	13

Results for priority assignment: [1, 3, 4, 2, 6, 5]
Path	TC
t22	371
t23	211
t11	10
t12	21
t13	47
t21	13

Results for priority assignment: [1, 3, 4, 5, 2, 6]
Path	TC
t22	181
t23	1837
t11	10
t12	31
t13	67
t21	895

Results for priority assignment: [1, 3, 4, 5, 6, 2]
Path	TC
t22	553
t23	51
t11	10
t12	27
t13	51
t21	114
'max_iterations for t21 reached, tasks (likely) not schedulable!'

Results for priority assignment: [1, 3, 4, 6, 2, 5]
Path	TC
t22	0
t23	0
t11	0
t12	0
t13	0
t21	0
'max_iterations for t21 reached, tasks (likely) not schedulable!'

Results for priority assignment: [1, 3, 4, 6, 5, 2]
Path	TC
t22	0
t23	0
t11	0
t12	0
t13	0
t21	0

Results for priority assignment: [1, 3, 5, 2, 4, 6]
Path	TC
t22	50
t23	310
t11	10
t12	21
t13	81
t21	13

Results for priority assignment: [1, 3, 5, 2, 6, 4]
Path	TC
t22	371
t23	69
t11	10
t12	21
t13	57
t21	13

Results for priority assignment: [1, 3, 5, 4, 2, 6]
Path	TC
t22	29
t23	406
t11	10
t12	31
t13	97
t21	50

Results for priority assignment: [1, 3, 5, 4, 6, 2]
Path	TC
t22	405
t23	39
t11	10
t12	27
t13	66
t21	34
'max_iterations for t21 reached, tasks (likely) not schedulable!'

Results for priority assignment: [1, 3, 5, 6, 2, 4]
Path	TC
t22	0
t23	0
t11	0
t12	0
t13	0
t21	0
'max_iterations for t21 reached, tasks (likely) not schedulable!'

Results for priority assignment: [1, 3, 5, 6, 4, 2]
Path	TC
t22	0
t23	0
t11	0
t12	0
t13	0
t21	0

Results for priority assignment: [1, 3, 6, 2, 4, 5]
Path	TC
t22	50
t23	55
t11	10
t12	21
t13	124
t21	13

Results for priority assignment: [1, 3, 6, 2, 5, 4]
Path	TC
t22	72
t23	34
t11	10
t12	21
t13	136
t21	13

Results for priority assignment: [1, 3, 6, 4, 2, 5]
Path	TC
t22	29
t23	86
t11	10
t12	31
t13	157
t21	50

Results for priority assignment: [1, 3, 6, 4, 5, 2]
Path	TC
t22	72
t23	26
t11	10
t12	27
t13	149
t21	34

Results for priority assignment: [1, 3, 6, 5, 2, 4]
Path	TC
t22	47
t23	65
t11	10
t12	31
t13	207
t21	131

Results for priority assignment: [1, 3, 6, 5, 4, 2]
Path	TC
t22	72
t23	27
t11	10
t12	27
t13	222
t21	146

Results for priority assignment: [1, 4, 2, 3, 5, 6]
Path	TC
t22	272
t23	745
t11	10
t12	144
t13	70
t21	27

Results for priority assignment: [1, 4, 2, 3, 6, 5]
Path	TC
t22	697
t23	425
t11	10
t12	144
t13	70
t21	27

Results for priority assignment: [1, 4, 2, 5, 3, 6]
Path	TC
t22	427
t23	4598
t11	10
t12	173
t13	74
t21	2295

Results for priority assignment: [1, 4, 2, 5, 6, 3]
Path	TC
t22	965
t23	89
t11	10
t12	133
t13	70
t21	214
'max_iterations for t21 reached, tasks (likely) not schedulable!'

Results for priority assignment: [1, 4, 2, 6, 3, 5]
Path	TC
t22	0
t23	0
t11	0
t12	0
t13	0
t21	0
'max_iterations for t21 reached, tasks (likely) not schedulable!'

Results for priority assignment: [1, 4, 2, 6, 5, 3]
Path	TC
t22	0
t23	0
t11	0
t12	0
t13	0
t21	0

Results for priority assignment: [1, 4, 3, 2, 5, 6]
Path	TC
t22	272
t23	734
t11	10
t12	144
t13	73
t21	13

Results for priority assignment: [1, 4, 3, 2, 6, 5]
Path	TC
t22	683
t23	425
t11	10
t12	144
t13	73
t21	13

Results for priority assignment: [1, 4, 3, 5, 2, 6]
Path	TC
t22	423
t23	4598
t11	10
t12	173
t13	93
t21	2295

Results for priority assignment: [1, 4, 3, 5, 6, 2]
Path	TC
t22	965
t23	75
t11	10
t12	133
t13	75
t21	214
'max_iterations for t21 reached, tasks (likely) not schedulable!'

Results for priority assignment: [1, 4, 3, 6, 2, 5]
Path	TC
t22	0
t23	0
t11	0
t12	0
t13	0
t21	0
'max_iterations for t21 reached, tasks (likely) not schedulable!'

Results for priority assignment: [1, 4, 3, 6, 5, 2]
Path	TC
t22	0
t23	0
t11	0
t12	0
t13	0
t21	0

Results for priority assignment: [1, 4, 5, 2, 3, 6]
Path	TC
t22	32
t23	351
t11	10
t12	40
t13	100
t21	13

Results for priority assignment: [1, 4, 5, 2, 6, 3]
Path	TC
t22	384
t23	51
t11	10
t12	30
t13	66
t21	13

Results for priority assignment: [1, 4, 5, 3, 2, 6]
Path	TC
t22	29
t23	388
t11	10
t12	40
t13	100
t21	32

Results for priority assignment: [1, 4, 5, 3, 6, 2]
Path	TC
t22	399
t23	39
t11	10
t12	30
t13	66
t21	28
'max_iterations for t21 reached, tasks (likely) not schedulable!'

Results for priority assignment: [1, 4, 5, 6, 2, 3]
Path	TC
t22	0
t23	0
t11	0
t12	0
t13	0
t21	0
'max_iterations for t21 reached, tasks (likely) not schedulable!'

Results for priority assignment: [1, 4, 5, 6, 3, 2]
Path	TC
t22	0
t23	0
t11	0
t12	0
t13	0
t21	0

Results for priority assignment: [1, 4, 6, 2, 3, 5]
Path	TC
t22	32
t23	55
t11	10
t12	40
t13	139
t21	13

Results for priority assignment: [1, 4, 6, 2, 5, 3]
Path	TC
t22	72
t23	28
t11	10
t12	30
t13	145
t21	13

Results for priority assignment: [1, 4, 6, 3, 2, 5]
Path	TC
t22	29
t23	55
t11	10
t12	40
t13	140
t21	32

Results for priority assignment: [1, 4, 6, 3, 5, 2]
Path	TC
t22	72
t23	25
t11	10
t12	30
t13	152
t21	28

Results for priority assignment: [1, 4, 6, 5, 2, 3]
Path	TC
t22	47
t23	45
t11	10
t12	46
t13	211
t21	131

Results for priority assignment: [1, 4, 6, 5, 3, 2]
Path	TC
t22	52
t23	26
t11	10
t12	46
t13	211
t21	131
'max_iterations for t12 reached, tasks (likely) not schedulable!'

Results for priority assignment: [1, 5, 2, 3, 4, 6]
Path	TC
t22	0
t23	0
t11	0
t12	0
t13	0
t21	0

Results for priority assignment: [1, 5, 2, 3, 6, 4]
Path	TC
t22	858
t23	87
t11	10
t12	193
t13	86
t21	27
'max_iterations for t12 reached, tasks (likely) not schedulable!'

Results for priority assignment: [1, 5, 2, 4, 3, 6]
Path	TC
t22	0
t23	0
t11	0
t12	0
t13	0
t21	0

Results for priority assignment: [1, 5, 2, 4, 6, 3]
Path	TC
t22	863
t23	77
t11	10
t12	193
t13	86
t21	32
'max_iterations for t21 reached, tasks (likely) not schedulable!'

Results for priority assignment: [1, 5, 2, 6, 3, 4]
Path	TC
t22	0
t23	0
t11	0
t12	0
t13	0
t21	0
'max_iterations for t21 reached, tasks (likely) not schedulable!'

Results for priority assignment: [1, 5, 2, 6, 4, 3]
Path	TC
t22	0
t23	0
t11	0
t12	0
t13	0
t21	0
'max_iterations for t12 reached, tasks (likely) not schedulable!'

Results for priority assignment: [1, 5, 3, 2, 4, 6]
Path	TC
t22	0
t23	0
t11	0
t12	0
t13	0
t21	0

Results for priority assignment: [1, 5, 3, 2, 6, 4]
Path	TC
t22	804
t23	83
t11	10
t12	193
t13	93
t21	13
'max_iterations for t12 reached, tasks (likely) not schedulable!'

Results for priority assignment: [1, 5, 3, 4, 2, 6]
Path	TC
t22	0
t23	0
t11	0
t12	0
t13	0
t21	0

Results for priority assignment: [1, 5, 3, 4, 6, 2]
Path	TC
t22	863
t23	72
t11	10
t12	193
t13	92
t21	32
'max_iterations for t21 reached, tasks (likely) not schedulable!'

Results for priority assignment: [1, 5, 3, 6, 2, 4]
Path	TC
t22	0
t23	0
t11	0
t12	0
t13	0
t21	0
'max_iterations for t21 reached, tasks (likely) not schedulable!'

Results for priority assignment: [1, 5, 3, 6, 4, 2]
Path	TC
t22	0
t23	0
t11	0
t12	0
t13	0
t21	0
'max_iterations for t12 reached, tasks (likely) not schedulable!'

Results for priority assignment: [1, 5, 4, 2, 3, 6]
Path	TC
t22	0
t23	0
t11	0
t12	0
t13	0
t21	0

Results for priority assignment: [1, 5, 4, 2, 6, 3]
Path	TC
t22	804
t23	79
t11	10
t12	193
t13	107
t21	13
'max_iterations for t12 reached, tasks (likely) not schedulable!'

Results for priority assignment: [1, 5, 4, 3, 2, 6]
Path	TC
t22	0
t23	0
t11	0
t12	0
t13	0
t21	0

Results for priority assignment: [1, 5, 4, 3, 6, 2]
Path	TC
t22	859
t23	68
t11	10
t12	193
t13	107
t21	28
'max_iterations for t21 reached, tasks (likely) not schedulable!'

Results for priority assignment: [1, 5, 4, 6, 2, 3]
Path	TC
t22	0
t23	0
t11	0
t12	0
t13	0
t21	0
'max_iterations for t21 reached, tasks (likely) not schedulable!'

Results for priority assignment: [1, 5, 4, 6, 3, 2]
Path	TC
t22	0
t23	0
t11	0
t12	0
t13	0
t21	0

Results for priority assignment: [1, 5, 6, 2, 3, 4]
Path	TC
t22	32
t23	47
t11	10
t12	49
t13	154
t21	13

Results for priority assignment: [1, 5, 6, 2, 4, 3]
Path	TC
t22	52
t23	28
t11	10
t12	60
t13	159
t21	13

Results for priority assignment: [1, 5, 6, 3, 2, 4]
Path	TC
t22	29
t23	47
t11	10
t12	60
t13	160
t21	32

Results for priority assignment: [1, 5, 6, 3, 4, 2]
Path	TC
t22	52
t23	15
t11	10
t12	60
t13	160
t21	28

Results for priority assignment: [1, 5, 6, 4, 2, 3]
Path	TC
t22	29
t23	44
t11	10
t12	73
t13	200
t21	71

Results for priority assignment: [1, 5, 6, 4, 3, 2]
Path	TC
t22	34
t23	26
t11	10
t12	73
t13	200
t21	71
'max_iterations for t12 reached, tasks (likely) not schedulable!'

Results for priority assignment: [1, 6, 2, 3, 4, 5]
Path	TC
t22	0
t23	0
t11	0
t12	0
t13	0
t21	0
'max_iterations for t12 reached, tasks (likely) not schedulable!'

Results for priority assignment: [1, 6, 2, 3, 5, 4]
Path	TC
t22	0
t23	0
t11	0
t12	0
t13	0
t21	0
'max_iterations for t12 reached, tasks (likely) not schedulable!'

Results for priority assignment: [1, 6, 2, 4, 3, 5]
Path	TC
t22	0
t23	0
t11	0
t12	0
t13	0
t21	0
'max_iterations for t12 reached, tasks (likely) not schedulable!'

Results for priority assignment: [1, 6, 2, 4, 5, 3]
Path	TC
t22	0
t23	0
t11	0
t12	0
t13	0
t21	0
'max_iterations for t12 reached, tasks (likely) not schedulable!'

Results for priority assignment: [1, 6, 2, 5, 3, 4]
Path	TC
t22	0
t23	0
t11	0
t12	0
t13	0
t21	0
'max_iterations for t12 reached, tasks (likely) not schedulable!'

Results for priority assignment: [1, 6, 2, 5, 4, 3]
Path	TC
t22	0
t23	0
t11	0
t12	0
t13	0
t21	0
'max_iterations for t12 reached, tasks (likely) not schedulable!'

Results for priority assignment: [1, 6, 3, 2, 4, 5]
Path	TC
t22	0
t23	0
t11	0
t12	0
t13	0
t21	0
'max_iterations for t12 reached, tasks (likely) not schedulable!'

Results for priority assignment: [1, 6, 3, 2, 5, 4]
Path	TC
t22	0
t23	0
t11	0
t12	0
t13	0
t21	0
'max_iterations for t12 reached, tasks (likely) not schedulable!'

Results for priority assignment: [1, 6, 3, 4, 2, 5]
Path	TC
t22	0
t23	0
t11	0
t12	0
t13	0
t21	0
'max_iterations for t12 reached, tasks (likely) not schedulable!'

Results for priority assignment: [1, 6, 3, 4, 5, 2]
Path	TC
t22	0
t23	0
t11	0
t12	0
t13	0
t21	0
'max_iterations for t12 reached, tasks (likely) not schedulable!'

Results for priority assignment: [1, 6, 3, 5, 2, 4]
Path	TC
t22	0
t23	0
t11	0
t12	0
t13	0
t21	0
'max_iterations for t12 reached, tasks (likely) not schedulable!'

Results for priority assignment: [1, 6, 3, 5, 4, 2]
Path	TC
t22	0
t23	0
t11	0
t12	0
t13	0
t21	0
'max_iterations for t12 reached, tasks (likely) not schedulable!'

Results for priority assignment: [1, 6, 4, 2, 3, 5]
Path	TC
t22	0
t23	0
t11	0
t12	0
t13	0
t21	0
'max_iterations for t12 reached, tasks (likely) not schedulable!'

Results for priority assignment: [1, 6, 4, 2, 5, 3]
Path	TC
t22	0
t23	0
t11	0
t12	0
t13	0
t21	0
'max_iterations for t12 reached, tasks (likely) not schedulable!'

Results for priority assignment: [1, 6, 4, 3, 2, 5]
Path	TC
t22	0
t23	0
t11	0
t12	0
t13	0
t21	0
'max_iterations for t12 reached, tasks (likely) not schedulable!'

Results for priority assignment: [1, 6, 4, 3, 5, 2]
Path	TC
t22	0
t23	0
t11	0
t12	0
t13	0
t21	0
'max_iterations for t12 reached, tasks (likely) not schedulable!'

Results for priority assignment: [1, 6, 4, 5, 2, 3]
Path	TC
t22	0
t23	0
t11	0
t12	0
t13	0
t21	0
'max_iterations for t12 reached, tasks (likely) not schedulable!'

Results for priority assignment: [1, 6, 4, 5, 3, 2]
Path	TC
t22	0
t23	0
t11	0
t12	0
t13	0
t21	0
'max_iterations for t12 reached, tasks (likely) not schedulable!'

Results for priority assignment: [1, 6, 5, 2, 3, 4]
Path	TC
t22	0
t23	0
t11	0
t12	0
t13	0
t21	0
'max_iterations for t12 reached, tasks (likely) not schedulable!'

Results for priority assignment: [1, 6, 5, 2, 4, 3]
Path	TC
t22	0
t23	0
t11	0
t12	0
t13	0
t21	0
'max_iterations for t12 reached, tasks (likely) not schedulable!'

Results for priority assignment: [1, 6, 5, 3, 2, 4]
Path	TC
t22	0
t23	0
t11	0
t12	0
t13	0
t21	0
'max_iterations for t12 reached, tasks (likely) not schedulable!'

Results for priority assignment: [1, 6, 5, 3, 4, 2]
Path	TC
t22	0
t23	0
t11	0
t12	0
t13	0
t21	0
'max_iterations for t12 reached, tasks (likely) not schedulable!'

Results for priority assignment: [1, 6, 5, 4, 2, 3]
Path	TC
t22	0
t23	0
t11	0
t12	0
t13	0
t21	0
'max_iterations for t12 reached, tasks (likely) not schedulable!'

Results for priority assignment: [1, 6, 5, 4, 3, 2]
Path	TC
t22	0
t23	0
t11	0
t12	0
t13	0
t21	0

Results for priority assignment: [2, 1, 3, 4, 5, 6]
Path	TC
t22	146
t23	466
t11	14
t12	2
t13	32
t21	73

Results for priority assignment: [2, 1, 3, 4, 6, 5]
Path	TC
t22	424
t23	216
t11	14
t12	2
t13	32
t21	73

Results for priority assignment: [2, 1, 3, 5, 4, 6]
Path	TC
t22	407
t23	1462
t11	14
t12	2
t13	32
t21	695

Results for priority assignment: [2, 1, 3, 5, 6, 4]
Path	TC
t22	445
t23	159
t11	14
t12	2
t13	32
t21	94
'max_iterations for t21 reached, tasks (likely) not schedulable!'

Results for priority assignment: [2, 1, 3, 6, 4, 5]
Path	TC
t22	0
t23	0
t11	0
t12	0
t13	0
t21	0
'max_iterations for t21 reached, tasks (likely) not schedulable!'

Results for priority assignment: [2, 1, 3, 6, 5, 4]
Path	TC
t22	0
t23	0
t11	0
t12	0
t13	0
t21	0

Results for priority assignment: [2, 1, 4, 3, 5, 6]
Path	TC
t22	133
t23	390
t11	14
t12	2
t13	47
t21	29

Results for priority assignment: [2, 1, 4, 3, 6, 5]
Path	TC
t22	343
t23	190
t11	14
t12	2
t13	47
t21	29

Results for priority assignment: [2, 1, 4, 5, 3, 6]
Path	TC
t22	187
t23	1445
t11	14
t12	2
t13	53
t21	695

Results for priority assignment: [2, 1, 4, 5, 6, 3]
Path	TC
t22	445
t23	59
t11	14
t12	2
t13	49
t21	94
'max_iterations for t21 reached, tasks (likely) not schedulable!'

Results for priority assignment: [2, 1, 4, 6, 3, 5]
Path	TC
t22	0
t23	0
t11	0
t12	0
t13	0
t21	0
'max_iterations for t21 reached, tasks (likely) not schedulable!'

Results for priority assignment: [2, 1, 4, 6, 5, 3]
Path	TC
t22	0
t23	0
t11	0
t12	0
t13	0
t21	0

Results for priority assignment: [2, 1, 5, 3, 4, 6]
Path	TC
t22	50
t23	326
t11	14
t12	2
t13	73
t21	29

Results for priority assignment: [2, 1, 5, 3, 6, 4]
Path	TC
t22	343
t23	61
t11	14
t12	2
t13	52
t21	29

Results for priority assignment: [2, 1, 5, 4, 3, 6]
Path	TC
t22	35
t23	373
t11	14
t12	2
t13	89
t21	50

Results for priority assignment: [2, 1, 5, 4, 6, 3]
Path	TC
t22	348
t23	58
t11	14
t12	2
t13	52
t21	34
'max_iterations for t21 reached, tasks (likely) not schedulable!'

Results for priority assignment: [2, 1, 5, 6, 3, 4]
Path	TC
t22	0
t23	0
t11	0
t12	0
t13	0
t21	0
'max_iterations for t21 reached, tasks (likely) not schedulable!'

Results for priority assignment: [2, 1, 5, 6, 4, 3]
Path	TC
t22	0
t23	0
t11	0
t12	0
t13	0
t21	0

Results for priority assignment: [2, 1, 6, 3, 4, 5]
Path	TC
t22	50
t23	55
t11	14
t12	2
t13	131
t21	29

Results for priority assignment: [2, 1, 6, 3, 5, 4]
Path	TC
t22	72
t23	47
t11	14
t12	2
t13	131
t21	29

Results for priority assignment: [2, 1, 6, 4, 3, 5]
Path	TC
t22	35
t23	88
t11	14
t12	2
t13	132
t21	50

Results for priority assignment: [2, 1, 6, 4, 5, 3]
Path	TC
t22	72
t23	44
t11	14
t12	2
t13	131
t21	34

Results for priority assignment: [2, 1, 6, 5, 3, 4]
Path	TC
t22	67
t23	65
t11	14
t12	2
t13	190
t21	131

Results for priority assignment: [2, 1, 6, 5, 4, 3]
Path	TC
t22	72
t23	45
t11	14
t12	2
t13	206
t21	148

Results for priority assignment: [2, 3, 1, 4, 5, 6]
Path	TC
t22	317
t23	896
t11	14
t12	106
t13	16
t21	169

Results for priority assignment: [2, 3, 1, 4, 6, 5]
Path	TC
t22	838
t23	427
t11	14
t12	106
t13	16
t21	169

Results for priority assignment: [2, 3, 1, 5, 4, 6]
Path	TC
t22	901
t23	3454
t11	14
t12	106
t13	16
t21	1650

Results for priority assignment: [2, 3, 1, 5, 6, 4]
Path	TC
t22	859
t23	356
t11	14
t12	106
t13	16
t21	190
'max_iterations for t21 reached, tasks (likely) not schedulable!'

Results for priority assignment: [2, 3, 1, 6, 4, 5]
Path	TC
t22	0
t23	0
t11	0
t12	0
t13	0
t21	0
'max_iterations for t21 reached, tasks (likely) not schedulable!'

Results for priority assignment: [2, 3, 1, 6, 5, 4]
Path	TC
t22	0
t23	0
t11	0
t12	0
t13	0
t21	0

Results for priority assignment: [2, 3, 4, 1, 5, 6]
Path	TC
t22	149
t23	364
t11	13
t12	24
t13	47
t21	3

Results for priority assignment: [2, 3, 4, 1, 6, 5]
Path	TC
t22	350
t23	203
t11	13
t12	24
t13	47
t21	3

Results for priority assignment: [2, 3, 4, 5, 1, 6]
Path	TC
t22	97
t23	2229
t11	19
t12	32
t13	67
t21	1095

Results for priority assignment: [2, 3, 4, 5, 6, 1]
Path	TC
t22	553
t23	11
t11	15
t12	28
t13	55
t21	114
'max_iterations for t21 reached, tasks (likely) not schedulable!'

Results for priority assignment: [2, 3, 4, 6, 1, 5]
Path	TC
t22	0
t23	0
t11	0
t12	0
t13	0
t21	0
'max_iterations for t21 reached, tasks (likely) not schedulable!'

Results for priority assignment: [2, 3, 4, 6, 5, 1]
Path	TC
t22	0
t23	0
t11	0
t12	0
t13	0
t21	0

Results for priority assignment: [2, 3, 5, 1, 4, 6]
Path	TC
t22	50
t23	316
t11	13
t12	24
t13	68
t21	3

Results for priority assignment: [2, 3, 5, 1, 6, 4]
Path	TC
t22	350
t23	61
t11	13
t12	24
t13	60
t21	3

Results for priority assignment: [2, 3, 5, 4, 1, 6]
Path	TC
t22	9
t23	415
t11	19
t12	32
t13	106
t21	50

Results for priority assignment: [2, 3, 5, 4, 6, 1]
Path	TC
t22	405
t23	9
t11	15
t12	28
t13	66
t21	34
'max_iterations for t21 reached, tasks (likely) not schedulable!'

Results for priority assignment: [2, 3, 5, 6, 1, 4]
Path	TC
t22	0
t23	0
t11	0
t12	0
t13	0
t21	0
'max_iterations for t21 reached, tasks (likely) not schedulable!'

Results for priority assignment: [2, 3, 5, 6, 4, 1]
Path	TC
t22	0
t23	0
t11	0
t12	0
t13	0
t21	0

Results for priority assignment: [2, 3, 6, 1, 4, 5]
Path	TC
t22	50
t23	55
t11	13
t12	24
t13	122
t21	3

Results for priority assignment: [2, 3, 6, 1, 5, 4]
Path	TC
t22	72
t23	34
t11	13
t12	24
t13	139
t21	3

Results for priority assignment: [2, 3, 6, 4, 1, 5]
Path	TC
t22	9
t23	88
t11	19
t12	32
t13	166
t21	50

Results for priority assignment: [2, 3, 6, 4, 5, 1]
Path	TC
t22	72
t23	6
t11	15
t12	28
t13	154
t21	34

Results for priority assignment: [2, 3, 6, 5, 1, 4]
Path	TC
t22	10
t23	65
t11	19
t12	32
t13	183
t21	93

Results for priority assignment: [2, 3, 6, 5, 4, 1]
Path	TC
t22	72
t23	7
t11	15
t12	28
t13	224
t21	148

Results for priority assignment: [2, 4, 1, 3, 5, 6]
Path	TC
t22	292
t23	838
t11	14
t12	166
t13	22
t21	27

Results for priority assignment: [2, 4, 1, 3, 6, 5]
Path	TC
t22	778
t23	497
t11	14
t12	166
t13	22
t21	27

Results for priority assignment: [2, 4, 1, 5, 3, 6]
Path	TC
t22	481
t23	5194
t11	14
t12	191
t13	26
t21	2593

Results for priority assignment: [2, 4, 1, 5, 6, 3]
Path	TC
t22	1119
t23	101
t11	14
t12	151
t13	22
t21	250
'max_iterations for t21 reached, tasks (likely) not schedulable!'

Results for priority assignment: [2, 4, 1, 6, 3, 5]
Path	TC
t22	0
t23	0
t11	0
t12	0
t13	0
t21	0
'max_iterations for t21 reached, tasks (likely) not schedulable!'

Results for priority assignment: [2, 4, 1, 6, 5, 3]
Path	TC
t22	0
t23	0
t11	0
t12	0
t13	0
t21	0

Results for priority assignment: [2, 4, 3, 1, 5, 6]
Path	TC
t22	292
t23	778
t11	13
t12	165
t13	77
t21	3

Results for priority assignment: [2, 4, 3, 1, 6, 5]
Path	TC
t22	750
t23	461
t11	13
t12	165
t13	77
t21	3

Results for priority assignment: [2, 4, 3, 5, 1, 6]
Path	TC
t22	225
t23	5382
t11	19
t12	210
t13	107
t21	2695

Results for priority assignment: [2, 4, 3, 5, 6, 1]
Path	TC
t22	1119
t23	17
t11	15
t12	166
t13	77
t21	250
'max_iterations for t21 reached, tasks (likely) not schedulable!'

Results for priority assignment: [2, 4, 3, 6, 1, 5]
Path	TC
t22	0
t23	0
t11	0
t12	0
t13	0
t21	0
'max_iterations for t21 reached, tasks (likely) not schedulable!'

Results for priority assignment: [2, 4, 3, 6, 5, 1]
Path	TC
t22	0
t23	0
t11	0
t12	0
t13	0
t21	0

Results for priority assignment: [2, 4, 5, 1, 3, 6]
Path	TC
t22	32
t23	318
t11	13
t12	43
t13	83
t21	3

Results for priority assignment: [2, 4, 5, 1, 6, 3]
Path	TC
t22	375
t23	41
t11	13
t12	30
t13	66
t21	3

Results for priority assignment: [2, 4, 5, 3, 1, 6]
Path	TC
t22	9
t23	388
t11	19
t12	45
t13	108
t21	32

Results for priority assignment: [2, 4, 5, 3, 6, 1]
Path	TC
t22	431
t23	9
t11	15
t12	31
t13	66
t21	28
'max_iterations for t21 reached, tasks (likely) not schedulable!'

Results for priority assignment: [2, 4, 5, 6, 1, 3]
Path	TC
t22	0
t23	0
t11	0
t12	0
t13	0
t21	0
'max_iterations for t21 reached, tasks (likely) not schedulable!'

Results for priority assignment: [2, 4, 5, 6, 3, 1]
Path	TC
t22	0
t23	0
t11	0
t12	0
t13	0
t21	0

Results for priority assignment: [2, 4, 6, 1, 3, 5]
Path	TC
t22	32
t23	55
t11	13
t12	43
t13	137
t21	3

Results for priority assignment: [2, 4, 6, 1, 5, 3]
Path	TC
t22	72
t23	28
t11	13
t12	30
t13	145
t21	3

Results for priority assignment: [2, 4, 6, 3, 1, 5]
Path	TC
t22	9
t23	55
t11	19
t12	45
t13	149
t21	32

Results for priority assignment: [2, 4, 6, 3, 5, 1]
Path	TC
t22	72
t23	5
t11	15
t12	31
t13	157
t21	28

Results for priority assignment: [2, 4, 6, 5, 1, 3]
Path	TC
t22	10
t23	45
t11	19
t12	47
t13	198
t21	93

Results for priority assignment: [2, 4, 6, 5, 3, 1]
Path	TC
t22	52
t23	6
t11	15
t12	47
t13	216
t21	131
'max_iterations for t12 reached, tasks (likely) not schedulable!'

Results for priority assignment: [2, 5, 1, 3, 4, 6]
Path	TC
t22	0
t23	0
t11	0
t12	0
t13	0
t21	0

Results for priority assignment: [2, 5, 1, 3, 6, 4]
Path	TC
t22	996
t23	95
t11	14
t12	246
t13	30
t21	27
'max_iterations for t12 reached, tasks (likely) not schedulable!'

Results for priority assignment: [2, 5, 1, 4, 3, 6]
Path	TC
t22	0
t23	0
t11	0
t12	0
t13	0
t21	0

Results for priority assignment: [2, 5, 1, 4, 6, 3]
Path	TC
t22	1029
t23	90
t11	14
t12	246
t13	30
t21	32
'max_iterations for t21 reached, tasks (likely) not schedulable!'

Results for priority assignment: [2, 5, 1, 6, 3, 4]
Path	TC
t22	0
t23	0
t11	0
t12	0
t13	0
t21	0
'max_iterations for t21 reached, tasks (likely) not schedulable!'

Results for priority assignment: [2, 5, 1, 6, 4, 3]
Path	TC
t22	0
t23	0
t11	0
t12	0
t13	0
t21	0
'max_iterations for t12 reached, tasks (likely) not schedulable!'

Results for priority assignment: [2, 5, 3, 1, 4, 6]
Path	TC
t22	0
t23	0
t11	0
t12	0
t13	0
t21	0

Results for priority assignment: [2, 5, 3, 1, 6, 4]
Path	TC
t22	973
t23	95
t11	13
t12	245
t13	113
t21	3
'max_iterations for t12 reached, tasks (likely) not schedulable!'

Results for priority assignment: [2, 5, 3, 4, 1, 6]
Path	TC
t22	0
t23	0
t11	0
t12	0
t13	0
t21	0

Results for priority assignment: [2, 5, 3, 4, 6, 1]
Path	TC
t22	1061
t23	16
t11	15
t12	251
t13	116
t21	32
'max_iterations for t21 reached, tasks (likely) not schedulable!'

Results for priority assignment: [2, 5, 3, 6, 1, 4]
Path	TC
t22	0
t23	0
t11	0
t12	0
t13	0
t21	0
'max_iterations for t21 reached, tasks (likely) not schedulable!'

Results for priority assignment: [2, 5, 3, 6, 4, 1]
Path	TC
t22	0
t23	0
t11	0
t12	0
t13	0
t21	0
'max_iterations for t12 reached, tasks (likely) not schedulable!'

Results for priority assignment: [2, 5, 4, 1, 3, 6]
Path	TC
t22	0
t23	0
t11	0
t12	0
t13	0
t21	0

Results for priority assignment: [2, 5, 4, 1, 6, 3]
Path	TC
t22	973
t23	91
t11	13
t12	245
t13	121
t21	3
'max_iterations for t12 reached, tasks (likely) not schedulable!'

Results for priority assignment: [2, 5, 4, 3, 1, 6]
Path	TC
t22	0
t23	0
t11	0
t12	0
t13	0
t21	0

Results for priority assignment: [2, 5, 4, 3, 6, 1]
Path	TC
t22	1057
t23	16
t11	15
t12	251
t13	123
t21	28
'max_iterations for t21 reached, tasks (likely) not schedulable!'

Results for priority assignment: [2, 5, 4, 6, 1, 3]
Path	TC
t22	0
t23	0
t11	0
t12	0
t13	0
t21	0
'max_iterations for t21 reached, tasks (likely) not schedulable!'

Results for priority assignment: [2, 5, 4, 6, 3, 1]
Path	TC
t22	0
t23	0
t11	0
t12	0
t13	0
t21	0

Results for priority assignment: [2, 5, 6, 1, 3, 4]
Path	TC
t22	32
t23	47
t11	13
t12	49
t13	142
t21	3

Results for priority assignment: [2, 5, 6, 1, 4, 3]
Path	TC
t22	47
t23	28
t11	13
t12	49
t13	142
t21	3

Results for priority assignment: [2, 5, 6, 3, 1, 4]
Path	TC
t22	9
t23	47
t11	19
t12	50
t13	164
t21	32

Results for priority assignment: [2, 5, 6, 3, 4, 1]
Path	TC
t22	52
t23	5
t11	15
t12	65
t13	165
t21	28

Results for priority assignment: [2, 5, 6, 4, 1, 3]
Path	TC
t22	9
t23	34
t11	19
t12	74
t13	182
t21	47

Results for priority assignment: [2, 5, 6, 4, 3, 1]
Path	TC
t22	34
t23	6
t11	15
t12	74
t13	205
t21	71
'max_iterations for t12 reached, tasks (likely) not schedulable!'

Results for priority assignment: [2, 6, 1, 3, 4, 5]
Path	TC
t22	0
t23	0
t11	0
t12	0
t13	0
t21	0
'max_iterations for t12 reached, tasks (likely) not schedulable!'

Results for priority assignment: [2, 6, 1, 3, 5, 4]
Path	TC
t22	0
t23	0
t11	0
t12	0
t13	0
t21	0
'max_iterations for t12 reached, tasks (likely) not schedulable!'

Results for priority assignment: [2, 6, 1, 4, 3, 5]
Path	TC
t22	0
t23	0
t11	0
t12	0
t13	0
t21	0
'max_iterations for t12 reached, tasks (likely) not schedulable!'

Results for priority assignment: [2, 6, 1, 4, 5, 3]
Path	TC
t22	0
t23	0
t11	0
t12	0
t13	0
t21	0
'max_iterations for t12 reached, tasks (likely) not schedulable!'

Results for priority assignment: [2, 6, 1, 5, 3, 4]
Path	TC
t22	0
t23	0
t11	0
t12	0
t13	0
t21	0
'max_iterations for t12 reached, tasks (likely) not schedulable!'

Results for priority assignment: [2, 6, 1, 5, 4, 3]
Path	TC
t22	0
t23	0
t11	0
t12	0
t13	0
t21	0
'max_iterations for t12 reached, tasks (likely) not schedulable!'

Results for priority assignment: [2, 6, 3, 1, 4, 5]
Path	TC
t22	0
t23	0
t11	0
t12	0
t13	0
t21	0
'max_iterations for t12 reached, tasks (likely) not schedulable!'

Results for priority assignment: [2, 6, 3, 1, 5, 4]
Path	TC
t22	0
t23	0
t11	0
t12	0
t13	0
t21	0
'max_iterations for t12 reached, tasks (likely) not schedulable!'

Results for priority assignment: [2, 6, 3, 4, 1, 5]
Path	TC
t22	0
t23	0
t11	0
t12	0
t13	0
t21	0
'max_iterations for t12 reached, tasks (likely) not schedulable!'

Results for priority assignment: [2, 6, 3, 4, 5, 1]
Path	TC
t22	0
t23	0
t11	0
t12	0
t13	0
t21	0
'max_iterations for t12 reached, tasks (likely) not schedulable!'

Results for priority assignment: [2, 6, 3, 5, 1, 4]
Path	TC
t22	0
t23	0
t11	0
t12	0
t13	0
t21	0
'max_iterations for t12 reached, tasks (likely) not schedulable!'

Results for priority assignment: [2, 6, 3, 5, 4, 1]
Path	TC
t22	0
t23	0
t11	0
t12	0
t13	0
t21	0
'max_iterations for t12 reached, tasks (likely) not schedulable!'

Results for priority assignment: [2, 6, 4, 1, 3, 5]
Path	TC
t22	0
t23	0
t11	0
t12	0
t13	0
t21	0
'max_iterations for t12 reached, tasks (likely) not schedulable!'

Results for priority assignment: [2, 6, 4, 1, 5, 3]
Path	TC
t22	0
t23	0
t11	0
t12	0
t13	0
t21	0
'max_iterations for t12 reached, tasks (likely) not schedulable!'

Results for priority assignment: [2, 6, 4, 3, 1, 5]
Path	TC
t22	0
t23	0
t11	0
t12	0
t13	0
t21	0
'max_iterations for t12 reached, tasks (likely) not schedulable!'

Results for priority assignment: [2, 6, 4, 3, 5, 1]
Path	TC
t22	0
t23	0
t11	0
t12	0
t13	0
t21	0
'max_iterations for t12 reached, tasks (likely) not schedulable!'

Results for priority assignment: [2, 6, 4, 5, 1, 3]
Path	TC
t22	0
t23	0
t11	0
t12	0
t13	0
t21	0
'max_iterations for t12 reached, tasks (likely) not schedulable!'

Results for priority assignment: [2, 6, 4, 5, 3, 1]
Path	TC
t22	0
t23	0
t11	0
t12	0
t13	0
t21	0
'max_iterations for t12 reached, tasks (likely) not schedulable!'

Results for priority assignment: [2, 6, 5, 1, 3, 4]
Path	TC
t22	0
t23	0
t11	0
t12	0
t13	0
t21	0
'max_iterations for t12 reached, tasks (likely) not schedulable!'

Results for priority assignment: [2, 6, 5, 1, 4, 3]
Path	TC
t22	0
t23	0
t11	0
t12	0
t13	0
t21	0
'max_iterations for t12 reached, tasks (likely) not schedulable!'

Results for priority assignment: [2, 6, 5, 3, 1, 4]
Path	TC
t22	0
t23	0
t11	0
t12	0
t13	0
t21	0
'max_iterations for t12 reached, tasks (likely) not schedulable!'

Results for priority assignment: [2, 6, 5, 3, 4, 1]
Path	TC
t22	0
t23	0
t11	0
t12	0
t13	0
t21	0
'max_iterations for t12 reached, tasks (likely) not schedulable!'

Results for priority assignment: [2, 6, 5, 4, 1, 3]
Path	TC
t22	0
t23	0
t11	0
t12	0
t13	0
t21	0
'max_iterations for t12 reached, tasks (likely) not schedulable!'

Results for priority assignment: [2, 6, 5, 4, 3, 1]
Path	TC
t22	0
t23	0
t11	0
t12	0
t13	0
t21	0

Results for priority assignment: [3, 1, 2, 4, 5, 6]
Path	TC
t22	209
t23	558
t11	29
t12	3
t13	8
t21	95

Results for priority assignment: [3, 1, 2, 4, 6, 5]
Path	TC
t22	529
t23	255
t11	29
t12	3
t13	8
t21	95

Results for priority assignment: [3, 1, 2, 5, 4, 6]
Path	TC
t22	522
t23	2003
t11	29
t12	3
t13	8
t21	948

Results for priority assignment: [3, 1, 2, 5, 6, 4]
Path	TC
t22	572
t23	231
t11	29
t12	3
t13	8
t21	126
'max_iterations for t21 reached, tasks (likely) not schedulable!'

Results for priority assignment: [3, 1, 2, 6, 4, 5]
Path	TC
t22	0
t23	0
t11	0
t12	0
t13	0
t21	0
'max_iterations for t21 reached, tasks (likely) not schedulable!'

Results for priority assignment: [3, 1, 2, 6, 5, 4]
Path	TC
t22	0
t23	0
t11	0
t12	0
t13	0
t21	0

Results for priority assignment: [3, 1, 4, 2, 5, 6]
Path	TC
t22	133
t23	306
t11	17
t12	3
t13	47
t21	5

Results for priority assignment: [3, 1, 4, 2, 6, 5]
Path	TC
t22	294
t23	180
t11	17
t12	3
t13	47
t21	5

Results for priority assignment: [3, 1, 4, 5, 2, 6]
Path	TC
t22	75
t23	1784
t11	25
t12	3
t13	65
t21	850

Results for priority assignment: [3, 1, 4, 5, 6, 2]
Path	TC
t22	445
t23	11
t11	21
t12	3
t13	49
t21	94
'max_iterations for t21 reached, tasks (likely) not schedulable!'

Results for priority assignment: [3, 1, 4, 6, 2, 5]
Path	TC
t22	0
t23	0
t11	0
t12	0
t13	0
t21	0
'max_iterations for t21 reached, tasks (likely) not schedulable!'

Results for priority assignment: [3, 1, 4, 6, 5, 2]
Path	TC
t22	0
t23	0
t11	0
t12	0
t13	0
t21	0

Results for priority assignment: [3, 1, 5, 2, 4, 6]
Path	TC
t22	50
t23	242
t11	17
t12	3
t13	68
t21	5

Results for priority assignment: [3, 1, 5, 2, 6, 4]
Path	TC
t22	294
t23	61
t11	17
t12	3
t13	52
t21	5

Results for priority assignment: [3, 1, 5, 4, 2, 6]
Path	TC
t22	11
t23	384
t11	25
t12	3
t13	99
t21	50

Results for priority assignment: [3, 1, 5, 4, 6, 2]
Path	TC
t22	348
t23	10
t11	21
t12	3
t13	55
t21	34
'max_iterations for t21 reached, tasks (likely) not schedulable!'

Results for priority assignment: [3, 1, 5, 6, 2, 4]
Path	TC
t22	0
t23	0
t11	0
t12	0
t13	0
t21	0
'max_iterations for t21 reached, tasks (likely) not schedulable!'

Results for priority assignment: [3, 1, 5, 6, 4, 2]
Path	TC
t22	0
t23	0
t11	0
t12	0
t13	0
t21	0

Results for priority assignment: [3, 1, 6, 2, 4, 5]
Path	TC
t22	50
t23	55
t11	17
t12	3
t13	113
t21	5

Results for priority assignment: [3, 1, 6, 2, 5, 4]
Path	TC
t22	72
t23	34
t11	17
t12	3
t13	130
t21	5

Results for priority assignment: [3, 1, 6, 4, 2, 5]
Path	TC
t22	11
t23	88
t11	25
t12	3
t13	155
t21	50

Results for priority assignment: [3, 1, 6, 4, 5, 2]
Path	TC
t22	72
t23	8
t11	21
t12	3
t13	135
t21	34

Results for priority assignment: [3, 1, 6, 5, 2, 4]
Path	TC
t22	14
t23	65
t11	25
t12	3
t13	176
t21	95

Results for priority assignment: [3, 1, 6, 5, 4, 2]
Path	TC
t22	72
t23	9
t11	21
t12	3
t13	213
t21	148

Results for priority assignment: [3, 2, 1, 4, 5, 6]
Path	TC
t22	209
t23	564
t11	35
t12	8
t13	8
t21	95

Results for priority assignment: [3, 2, 1, 4, 6, 5]
Path	TC
t22	529
t23	259
t11	35
t12	8
t13	8
t21	95

Results for priority assignment: [3, 2, 1, 5, 4, 6]
Path	TC
t22	565
t23	2098
t11	35
t12	8
t13	8
t21	995

Results for priority assignment: [3, 2, 1, 5, 6, 4]
Path	TC
t22	584
t23	231
t11	35
t12	8
t13	8
t21	132
'max_iterations for t21 reached, tasks (likely) not schedulable!'

Results for priority assignment: [3, 2, 1, 6, 4, 5]
Path	TC
t22	0
t23	0
t11	0
t12	0
t13	0
t21	0
'max_iterations for t21 reached, tasks (likely) not schedulable!'

Results for priority assignment: [3, 2, 1, 6, 5, 4]
Path	TC
t22	0
t23	0
t11	0
t12	0
t13	0
t21	0

Results for priority assignment: [3, 2, 4, 1, 5, 6]
Path	TC
t22	133
t23	304
t11	17
t12	6
t13	47
t21	3

Results for priority assignment: [3, 2, 4, 1, 6, 5]
Path	TC
t22	294
t23	180
t11	17
t12	6
t13	47
t21	3

Results for priority assignment: [3, 2, 4, 5, 1, 6]
Path	TC
t22	89
t23	2031
t11	25
t12	12
t13	67
t21	995

Results for priority assignment: [3, 2, 4, 5, 6, 1]
Path	TC
t22	549
t23	10
t11	21
t12	8
t13	49
t21	110
'max_iterations for t21 reached, tasks (likely) not schedulable!'

Results for priority assignment: [3, 2, 4, 6, 1, 5]
Path	TC
t22	0
t23	0
t11	0
t12	0
t13	0
t21	0
'max_iterations for t21 reached, tasks (likely) not schedulable!'

Results for priority assignment: [3, 2, 4, 6, 5, 1]
Path	TC
t22	0
t23	0
t11	0
t12	0
t13	0
t21	0

Results for priority assignment: [3, 2, 5, 1, 4, 6]
Path	TC
t22	50
t23	240
t11	17
t12	6
t13	68
t21	3

Results for priority assignment: [3, 2, 5, 1, 6, 4]
Path	TC
t22	294
t23	61
t11	17
t12	6
t13	54
t21	3

Results for priority assignment: [3, 2, 5, 4, 1, 6]
Path	TC
t22	9
t23	388
t11	25
t12	12
t13	106
t21	50

Results for priority assignment: [3, 2, 5, 4, 6, 1]
Path	TC
t22	401
t23	9
t11	21
t12	8
t13	60
t21	34
'max_iterations for t21 reached, tasks (likely) not schedulable!'

Results for priority assignment: [3, 2, 5, 6, 1, 4]
Path	TC
t22	0
t23	0
t11	0
t12	0
t13	0
t21	0
'max_iterations for t21 reached, tasks (likely) not schedulable!'

Results for priority assignment: [3, 2, 5, 6, 4, 1]
Path	TC
t22	0
t23	0
t11	0
t12	0
t13	0
t21	0

Results for priority assignment: [3, 2, 6, 1, 4, 5]
Path	TC
t22	50
t23	55
t11	17
t12	6
t13	116
t21	3

Results for priority assignment: [3, 2, 6, 1, 5, 4]
Path	TC
t22	72
t23	34
t11	17
t12	6
t13	133
t21	3

Results for priority assignment: [3, 2, 6, 4, 1, 5]
Path	TC
t22	9
t23	88
t11	25
t12	12
t13	164
t21	50

Results for priority assignment: [3, 2, 6, 4, 5, 1]
Path	TC
t22	72
t23	6
t11	21
t12	8
t13	140
t21	34

Results for priority assignment: [3, 2, 6, 5, 1, 4]
Path	TC
t22	12
t23	65
t11	25
t12	12
t13	185
t21	95

Results for priority assignment: [3, 2, 6, 5, 4, 1]
Path	TC
t22	72
t23	7
t11	21
t12	8
t13	218
t21	148

Results for priority assignment: [3, 4, 1, 2, 5, 6]
Path	TC
t22	331
t23	858
t11	17
t12	185
t13	24
t21	7

Results for priority assignment: [3, 4, 1, 2, 6, 5]
Path	TC
t22	794
t23	517
t11	17
t12	185
t13	24
t21	7

Results for priority assignment: [3, 4, 1, 5, 2, 6]
Path	TC
t22	237
t23	5576
t11	23
t12	210
t13	28
t21	2793

Results for priority assignment: [3, 4, 1, 5, 6, 2]
Path	TC
t22	1127
t23	21
t11	19
t12	170
t13	22
t21	254
'max_iterations for t21 reached, tasks (likely) not schedulable!'

Results for priority assignment: [3, 4, 1, 6, 2, 5]
Path	TC
t22	0
t23	0
t11	0
t12	0
t13	0
t21	0
'max_iterations for t21 reached, tasks (likely) not schedulable!'

Results for priority assignment: [3, 4, 1, 6, 5, 2]
Path	TC
t22	0
t23	0
t11	0
t12	0
t13	0
t21	0

Results for priority assignment: [3, 4, 2, 1, 5, 6]
Path	TC
t22	331
t23	858
t11	17
t12	185
t13	27
t21	3

Results for priority assignment: [3, 4, 2, 1, 6, 5]
Path	TC
t22	791
t23	517
t11	17
t12	185
t13	27
t21	3

Results for priority assignment: [3, 4, 2, 5, 1, 6]
Path	TC
t22	233
t23	5576
t11	23
t12	210
t13	37
t21	2793

Results for priority assignment: [3, 4, 2, 5, 6, 1]
Path	TC
t22	1127
t23	17
t11	19
t12	170
t13	27
t21	254
'max_iterations for t21 reached, tasks (likely) not schedulable!'

Results for priority assignment: [3, 4, 2, 6, 1, 5]
Path	TC
t22	0
t23	0
t11	0
t12	0
t13	0
t21	0
'max_iterations for t21 reached, tasks (likely) not schedulable!'

Results for priority assignment: [3, 4, 2, 6, 5, 1]
Path	TC
t22	0
t23	0
t11	0
t12	0
t13	0
t21	0

Results for priority assignment: [3, 4, 5, 1, 2, 6]
Path	TC
t22	12
t23	371
t11	22
t12	45
t13	92
t21	3

Results for priority assignment: [3, 4, 5, 1, 6, 2]
Path	TC
t22	395
t23	12
t11	18
t12	31
t13	66
t21	3

Results for priority assignment: [3, 4, 5, 2, 1, 6]
Path	TC
t22	9
t23	371
t11	22
t12	45
t13	108
t21	12

Results for priority assignment: [3, 4, 5, 2, 6, 1]
Path	TC
t22	395
t23	9
t11	18
t12	31
t13	66
t21	8
'max_iterations for t21 reached, tasks (likely) not schedulable!'

Results for priority assignment: [3, 4, 5, 6, 1, 2]
Path	TC
t22	0
t23	0
t11	0
t12	0
t13	0
t21	0
'max_iterations for t21 reached, tasks (likely) not schedulable!'

Results for priority assignment: [3, 4, 5, 6, 2, 1]
Path	TC
t22	0
t23	0
t11	0
t12	0
t13	0
t21	0

Results for priority assignment: [3, 4, 6, 1, 2, 5]
Path	TC
t22	12
t23	67
t11	22
t12	45
t13	142
t21	3

Results for priority assignment: [3, 4, 6, 1, 5, 2]
Path	TC
t22	72
t23	8
t11	18
t12	31
t13	145
t21	3

Results for priority assignment: [3, 4, 6, 2, 1, 5]
Path	TC
t22	9
t23	67
t11	22
t12	45
t13	147
t21	12

Results for priority assignment: [3, 4, 6, 2, 5, 1]
Path	TC
t22	72
t23	5
t11	18
t12	31
t13	145
t21	8

Results for priority assignment: [3, 4, 6, 5, 1, 2]
Path	TC
t22	12
t23	15
t11	24
t12	47
t13	219
t21	95

Results for priority assignment: [3, 4, 6, 5, 2, 1]
Path	TC
t22	17
t23	6
t11	24
t12	47
t13	219
t21	95
'max_iterations for t12 reached, tasks (likely) not schedulable!'

Results for priority assignment: [3, 5, 1, 2, 4, 6]
Path	TC
t22	0
t23	0
t11	0
t12	0
t13	0
t21	0

Results for priority assignment: [3, 5, 1, 2, 6, 4]
Path	TC
t22	1049
t23	101
t11	17
t12	265
t13	33
t21	7
'max_iterations for t12 reached, tasks (likely) not schedulable!'

Results for priority assignment: [3, 5, 1, 4, 2, 6]
Path	TC
t22	0
t23	0
t11	0
t12	0
t13	0
t21	0

Results for priority assignment: [3, 5, 1, 4, 6, 2]
Path	TC
t22	1086
t23	20
t11	19
t12	269
t13	34
t21	32
'max_iterations for t21 reached, tasks (likely) not schedulable!'

Results for priority assignment: [3, 5, 1, 6, 2, 4]
Path	TC
t22	0
t23	0
t11	0
t12	0
t13	0
t21	0
'max_iterations for t21 reached, tasks (likely) not schedulable!'

Results for priority assignment: [3, 5, 1, 6, 4, 2]
Path	TC
t22	0
t23	0
t11	0
t12	0
t13	0
t21	0
'max_iterations for t12 reached, tasks (likely) not schedulable!'

Results for priority assignment: [3, 5, 2, 1, 4, 6]
Path	TC
t22	0
t23	0
t11	0
t12	0
t13	0
t21	0

Results for priority assignment: [3, 5, 2, 1, 6, 4]
Path	TC
t22	1049
t23	97
t11	17
t12	265
t13	36
t21	3
'max_iterations for t12 reached, tasks (likely) not schedulable!'

Results for priority assignment: [3, 5, 2, 4, 1, 6]
Path	TC
t22	0
t23	0
t11	0
t12	0
t13	0
t21	0

Results for priority assignment: [3, 5, 2, 4, 6, 1]
Path	TC
t22	1086
t23	16
t11	19
t12	269
t13	39
t21	32
'max_iterations for t21 reached, tasks (likely) not schedulable!'

Results for priority assignment: [3, 5, 2, 6, 1, 4]
Path	TC
t22	0
t23	0
t11	0
t12	0
t13	0
t21	0
'max_iterations for t21 reached, tasks (likely) not schedulable!'

Results for priority assignment: [3, 5, 2, 6, 4, 1]
Path	TC
t22	0
t23	0
t11	0
t12	0
t13	0
t21	0
'max_iterations for t12 reached, tasks (likely) not schedulable!'

Results for priority assignment: [3, 5, 4, 1, 2, 6]
Path	TC
t22	0
t23	0
t11	0
t12	0
t13	0
t21	0

Results for priority assignment: [3, 5, 4, 1, 6, 2]
Path	TC
t22	1049
t23	18
t11	18
t12	265
t13	125
t21	3
'max_iterations for t12 reached, tasks (likely) not schedulable!'

Results for priority assignment: [3, 5, 4, 2, 1, 6]
Path	TC
t22	0
t23	0
t11	0
t12	0
t13	0
t21	0

Results for priority assignment: [3, 5, 4, 2, 6, 1]
Path	TC
t22	1070
t23	16
t11	18
t12	265
t13	125
t21	8
'max_iterations for t21 reached, tasks (likely) not schedulable!'

Results for priority assignment: [3, 5, 4, 6, 1, 2]
Path	TC
t22	0
t23	0
t11	0
t12	0
t13	0
t21	0
'max_iterations for t21 reached, tasks (likely) not schedulable!'

Results for priority assignment: [3, 5, 4, 6, 2, 1]
Path	TC
t22	0
t23	0
t11	0
t12	0
t13	0
t21	0

Results for priority assignment: [3, 5, 6, 1, 2, 4]
Path	TC
t22	12
t23	47
t11	22
t12	50
t13	146
t21	3

Results for priority assignment: [3, 5, 6, 1, 4, 2]
Path	TC
t22	47
t23	8
t11	18
t12	50
t13	142
t21	3

Results for priority assignment: [3, 5, 6, 2, 1, 4]
Path	TC
t22	9
t23	47
t11	22
t12	50
t13	162
t21	12

Results for priority assignment: [3, 5, 6, 2, 4, 1]
Path	TC
t22	47
t23	5
t11	18
t12	65
t13	158
t21	8

Results for priority assignment: [3, 5, 6, 4, 1, 2]
Path	TC
t22	9
t23	14
t11	24
t12	75
t13	190
t21	47

Results for priority assignment: [3, 5, 6, 4, 2, 1]
Path	TC
t22	14
t23	5
t11	24
t12	75
t13	226
t21	71
'max_iterations for t12 reached, tasks (likely) not schedulable!'

Results for priority assignment: [3, 6, 1, 2, 4, 5]
Path	TC
t22	0
t23	0
t11	0
t12	0
t13	0
t21	0
'max_iterations for t12 reached, tasks (likely) not schedulable!'

Results for priority assignment: [3, 6, 1, 2, 5, 4]
Path	TC
t22	0
t23	0
t11	0
t12	0
t13	0
t21	0
'max_iterations for t12 reached, tasks (likely) not schedulable!'

Results for priority assignment: [3, 6, 1, 4, 2, 5]
Path	TC
t22	0
t23	0
t11	0
t12	0
t13	0
t21	0
'max_iterations for t12 reached, tasks (likely) not schedulable!'

Results for priority assignment: [3, 6, 1, 4, 5, 2]
Path	TC
t22	0
t23	0
t11	0
t12	0
t13	0
t21	0
'max_iterations for t12 reached, tasks (likely) not schedulable!'

Results for priority assignment: [3, 6, 1, 5, 2, 4]
Path	TC
t22	0
t23	0
t11	0
t12	0
t13	0
t21	0
'max_iterations for t12 reached, tasks (likely) not schedulable!'

Results for priority assignment: [3, 6, 1, 5, 4, 2]
Path	TC
t22	0
t23	0
t11	0
t12	0
t13	0
t21	0
'max_iterations for t12 reached, tasks (likely) not schedulable!'

Results for priority assignment: [3, 6, 2, 1, 4, 5]
Path	TC
t22	0
t23	0
t11	0
t12	0
t13	0
t21	0
'max_iterations for t12 reached, tasks (likely) not schedulable!'

Results for priority assignment: [3, 6, 2, 1, 5, 4]
Path	TC
t22	0
t23	0
t11	0
t12	0
t13	0
t21	0
'max_iterations for t12 reached, tasks (likely) not schedulable!'

Results for priority assignment: [3, 6, 2, 4, 1, 5]
Path	TC
t22	0
t23	0
t11	0
t12	0
t13	0
t21	0
'max_iterations for t12 reached, tasks (likely) not schedulable!'

Results for priority assignment: [3, 6, 2, 4, 5, 1]
Path	TC
t22	0
t23	0
t11	0
t12	0
t13	0
t21	0
'max_iterations for t12 reached, tasks (likely) not schedulable!'

Results for priority assignment: [3, 6, 2, 5, 1, 4]
Path	TC
t22	0
t23	0
t11	0
t12	0
t13	0
t21	0
'max_iterations for t12 reached, tasks (likely) not schedulable!'

Results for priority assignment: [3, 6, 2, 5, 4, 1]
Path	TC
t22	0
t23	0
t11	0
t12	0
t13	0
t21	0
'max_iterations for t12 reached, tasks (likely) not schedulable!'

Results for priority assignment: [3, 6, 4, 1, 2, 5]
Path	TC
t22	0
t23	0
t11	0
t12	0
t13	0
t21	0
'max_iterations for t12 reached, tasks (likely) not schedulable!'

Results for priority assignment: [3, 6, 4, 1, 5, 2]
Path	TC
t22	0
t23	0
t11	0
t12	0
t13	0
t21	0
'max_iterations for t12 reached, tasks (likely) not schedulable!'

Results for priority assignment: [3, 6, 4, 2, 1, 5]
Path	TC
t22	0
t23	0
t11	0
t12	0
t13	0
t21	0
'max_iterations for t12 reached, tasks (likely) not schedulable!'

Results for priority assignment: [3, 6, 4, 2, 5, 1]
Path	TC
t22	0
t23	0
t11	0
t12	0
t13	0
t21	0
'max_iterations for t12 reached, tasks (likely) not schedulable!'

Results for priority assignment: [3, 6, 4, 5, 1, 2]
Path	TC
t22	0
t23	0
t11	0
t12	0
t13	0
t21	0
'max_iterations for t12 reached, tasks (likely) not schedulable!'

Results for priority assignment: [3, 6, 4, 5, 2, 1]
Path	TC
t22	0
t23	0
t11	0
t12	0
t13	0
t21	0
'max_iterations for t12 reached, tasks (likely) not schedulable!'

Results for priority assignment: [3, 6, 5, 1, 2, 4]
Path	TC
t22	0
t23	0
t11	0
t12	0
t13	0
t21	0
'max_iterations for t12 reached, tasks (likely) not schedulable!'

Results for priority assignment: [3, 6, 5, 1, 4, 2]
Path	TC
t22	0
t23	0
t11	0
t12	0
t13	0
t21	0
'max_iterations for t12 reached, tasks (likely) not schedulable!'

Results for priority assignment: [3, 6, 5, 2, 1, 4]
Path	TC
t22	0
t23	0
t11	0
t12	0
t13	0
t21	0
'max_iterations for t12 reached, tasks (likely) not schedulable!'

Results for priority assignment: [3, 6, 5, 2, 4, 1]
Path	TC
t22	0
t23	0
t11	0
t12	0
t13	0
t21	0
'max_iterations for t12 reached, tasks (likely) not schedulable!'

Results for priority assignment: [3, 6, 5, 4, 1, 2]
Path	TC
t22	0
t23	0
t11	0
t12	0
t13	0
t21	0
'max_iterations for t12 reached, tasks (likely) not schedulable!'

Results for priority assignment: [3, 6, 5, 4, 2, 1]
Path	TC
t22	0
t23	0
t11	0
t12	0
t13	0
t21	0

Results for priority assignment: [4, 1, 2, 3, 5, 6]
Path	TC
t22	155
t23	414
t11	38
t12	4
t13	10
t21	9

Results for priority assignment: [4, 1, 2, 3, 6, 5]
Path	TC
t22	393
t23	238
t11	38
t12	4
t13	10
t21	9

Results for priority assignment: [4, 1, 2, 5, 3, 6]
Path	TC
t22	119
t23	2621
t11	56
t12	5
t13	12
t21	1295

Results for priority assignment: [4, 1, 2, 5, 6, 3]
Path	TC
t22	677
t23	18
t11	46
t12	4
t13	10
t21	148
'max_iterations for t21 reached, tasks (likely) not schedulable!'

Results for priority assignment: [4, 1, 2, 6, 3, 5]
Path	TC
t22	0
t23	0
t11	0
t12	0
t13	0
t21	0
'max_iterations for t21 reached, tasks (likely) not schedulable!'

Results for priority assignment: [4, 1, 2, 6, 5, 3]
Path	TC
t22	0
t23	0
t11	0
t12	0
t13	0
t21	0

Results for priority assignment: [4, 1, 3, 2, 5, 6]
Path	TC
t22	155
t23	370
t11	38
t12	4
t13	13
t21	5

Results for priority assignment: [4, 1, 3, 2, 6, 5]
Path	TC
t22	393
t23	238
t11	38
t12	4
t13	13
t21	5

Results for priority assignment: [4, 1, 3, 5, 2, 6]
Path	TC
t22	115
t23	2621
t11	56
t12	5
t13	21
t21	1295

Results for priority assignment: [4, 1, 3, 5, 6, 2]
Path	TC
t22	677
t23	14
t11	46
t12	4
t13	15
t21	148
'max_iterations for t21 reached, tasks (likely) not schedulable!'

Results for priority assignment: [4, 1, 3, 6, 2, 5]
Path	TC
t22	0
t23	0
t11	0
t12	0
t13	0
t21	0
'max_iterations for t21 reached, tasks (likely) not schedulable!'

Results for priority assignment: [4, 1, 3, 6, 5, 2]
Path	TC
t22	0
t23	0
t11	0
t12	0
t13	0
t21	0

Results for priority assignment: [4, 1, 5, 2, 3, 6]
Path	TC
t22	14
t23	287
t11	28
t12	3
t13	84
t21	5

Results for priority assignment: [4, 1, 5, 2, 6, 3]
Path	TC
t22	350
t23	13
t11	24
t12	3
t13	64
t21	5

Results for priority assignment: [4, 1, 5, 3, 2, 6]
Path	TC
t22	11
t23	288
t11	28
t12	3
t13	98
t21	14

Results for priority assignment: [4, 1, 5, 3, 6, 2]
Path	TC
t22	371
t23	10
t11	24
t12	3
t13	64
t21	10
'max_iterations for t21 reached, tasks (likely) not schedulable!'

Results for priority assignment: [4, 1, 5, 6, 2, 3]
Path	TC
t22	0
t23	0
t11	0
t12	0
t13	0
t21	0
'max_iterations for t21 reached, tasks (likely) not schedulable!'

Results for priority assignment: [4, 1, 5, 6, 3, 2]
Path	TC
t22	0
t23	0
t11	0
t12	0
t13	0
t21	0

Results for priority assignment: [4, 1, 6, 2, 3, 5]
Path	TC
t22	14
t23	67
t11	28
t12	3
t13	126
t21	5

Results for priority assignment: [4, 1, 6, 2, 5, 3]
Path	TC
t22	72
t23	10
t11	24
t12	3
t13	137
t21	5

Results for priority assignment: [4, 1, 6, 3, 2, 5]
Path	TC
t22	11
t23	67
t11	28
t12	3
t13	126
t21	14

Results for priority assignment: [4, 1, 6, 3, 5, 2]
Path	TC
t22	72
t23	7
t11	24
t12	3
t13	137
t21	10

Results for priority assignment: [4, 1, 6, 5, 2, 3]
Path	TC
t22	14
t23	17
t11	32
t12	3
t13	185
t21	95

Results for priority assignment: [4, 1, 6, 5, 3, 2]
Path	TC
t22	24
t23	8
t11	32
t12	3
t13	209
t21	133

Results for priority assignment: [4, 2, 1, 3, 5, 6]
Path	TC
t22	187
t23	478
t11	44
t12	8
t13	8
t21	9

Results for priority assignment: [4, 2, 1, 3, 6, 5]
Path	TC
t22	486
t23	306
t11	44
t12	8
t13	8
t21	9

Results for priority assignment: [4, 2, 1, 5, 3, 6]
Path	TC
t22	119
t23	2621
t11	56
t12	9
t13	10
t21	1295

Results for priority assignment: [4, 2, 1, 5, 6, 3]
Path	TC
t22	699
t23	18
t11	46
t12	8
t13	9
t21	154
'max_iterations for t21 reached, tasks (likely) not schedulable!'

Results for priority assignment: [4, 2, 1, 6, 3, 5]
Path	TC
t22	0
t23	0
t11	0
t12	0
t13	0
t21	0
'max_iterations for t21 reached, tasks (likely) not schedulable!'

Results for priority assignment: [4, 2, 1, 6, 5, 3]
Path	TC
t22	0
t23	0
t11	0
t12	0
t13	0
t21	0

Results for priority assignment: [4, 2, 3, 1, 5, 6]
Path	TC
t22	187
t23	472
t11	44
t12	7
t13	13
t21	3

Results for priority assignment: [4, 2, 3, 1, 6, 5]
Path	TC
t22	449
t23	257
t11	44
t12	7
t13	13
t21	3

Results for priority assignment: [4, 2, 3, 5, 1, 6]
Path	TC
t22	129
t23	3013
t11	61
t12	14
t13	23
t21	1495

Results for priority assignment: [4, 2, 3, 5, 6, 1]
Path	TC
t22	699
t23	12
t11	46
t12	9
t13	17
t21	154
'max_iterations for t21 reached, tasks (likely) not schedulable!'

Results for priority assignment: [4, 2, 3, 6, 1, 5]
Path	TC
t22	0
t23	0
t11	0
t12	0
t13	0
t21	0
'max_iterations for t21 reached, tasks (likely) not schedulable!'

Results for priority assignment: [4, 2, 3, 6, 5, 1]
Path	TC
t22	0
t23	0
t11	0
t12	0
t13	0
t21	0

Results for priority assignment: [4, 2, 5, 1, 3, 6]
Path	TC
t22	14
t23	293
t11	28
t12	6
t13	87
t21	3

Results for priority assignment: [4, 2, 5, 1, 6, 3]
Path	TC
t22	387
t23	14
t11	24
t12	6
t13	64
t21	3

Results for priority assignment: [4, 2, 5, 3, 1, 6]
Path	TC
t22	9
t23	353
t11	28
t12	12
t13	107
t21	14

Results for priority assignment: [4, 2, 5, 3, 6, 1]
Path	TC
t22	387
t23	9
t11	24
t12	8
t13	64
t21	10
'max_iterations for t21 reached, tasks (likely) not schedulable!'

Results for priority assignment: [4, 2, 5, 6, 1, 3]
Path	TC
t22	0
t23	0
t11	0
t12	0
t13	0
t21	0
'max_iterations for t21 reached, tasks (likely) not schedulable!'

Results for priority assignment: [4, 2, 5, 6, 3, 1]
Path	TC
t22	0
t23	0
t11	0
t12	0
t13	0
t21	0

Results for priority assignment: [4, 2, 6, 1, 3, 5]
Path	TC
t22	14
t23	67
t11	28
t12	6
t13	129
t21	3

Results for priority assignment: [4, 2, 6, 1, 5, 3]
Path	TC
t22	72
t23	10
t11	24
t12	6
t13	140
t21	3

Results for priority assignment: [4, 2, 6, 3, 1, 5]
Path	TC
t22	9
t23	67
t11	28
t12	12
t13	132
t21	14

Results for priority assignment: [4, 2, 6, 3, 5, 1]
Path	TC
t22	72
t23	5
t11	24
t12	8
t13	142
t21	10

Results for priority assignment: [4, 2, 6, 5, 1, 3]
Path	TC
t22	12
t23	17
t11	32
t12	12
t13	194
t21	95

Results for priority assignment: [4, 2, 6, 5, 3, 1]
Path	TC
t22	24
t23	6
t11	32
t12	8
t13	210
t21	133

Results for priority assignment: [4, 3, 1, 2, 5, 6]
Path	TC
t22	191
t23	483
t11	44
t12	11
t13	10
t21	7

Results for priority assignment: [4, 3, 1, 2, 6, 5]
Path	TC
t22	486
t23	306
t11	44
t12	11
t13	10
t21	7

Results for priority assignment: [4, 3, 1, 5, 2, 6]
Path	TC
t22	133
t23	3013
t11	61
t12	18
t13	12
t21	1495

Results for priority assignment: [4, 3, 1, 5, 6, 2]
Path	TC
t22	705
t23	16
t11	51
t12	13
t13	10
t21	154
'max_iterations for t21 reached, tasks (likely) not schedulable!'

Results for priority assignment: [4, 3, 1, 6, 2, 5]
Path	TC
t22	0
t23	0
t11	0
t12	0
t13	0
t21	0
'max_iterations for t21 reached, tasks (likely) not schedulable!'

Results for priority assignment: [4, 3, 1, 6, 5, 2]
Path	TC
t22	0
t23	0
t11	0
t12	0
t13	0
t21	0

Results for priority assignment: [4, 3, 2, 1, 5, 6]
Path	TC
t22	191
t23	480
t11	44
t12	11
t13	13
t21	3

Results for priority assignment: [4, 3, 2, 1, 6, 5]
Path	TC
t22	486
t23	306
t11	44
t12	11
t13	13
t21	3

Results for priority assignment: [4, 3, 2, 5, 1, 6]
Path	TC
t22	129
t23	3013
t11	61
t12	18
t13	21
t21	1495

Results for priority assignment: [4, 3, 2, 5, 6, 1]
Path	TC
t22	705
t23	12
t11	51
t12	13
t13	15
t21	154
'max_iterations for t21 reached, tasks (likely) not schedulable!'

Results for priority assignment: [4, 3, 2, 6, 1, 5]
Path	TC
t22	0
t23	0
t11	0
t12	0
t13	0
t21	0
'max_iterations for t21 reached, tasks (likely) not schedulable!'

Results for priority assignment: [4, 3, 2, 6, 5, 1]
Path	TC
t22	0
t23	0
t11	0
t12	0
t13	0
t21	0

Results for priority assignment: [4, 3, 5, 1, 2, 6]
Path	TC
t22	12
t23	293
t11	28
t12	15
t13	96
t21	3

Results for priority assignment: [4, 3, 5, 1, 6, 2]
Path	TC
t22	391
t23	12
t11	24
t12	11
t13	66
t21	3

Results for priority assignment: [4, 3, 5, 2, 1, 6]
Path	TC
t22	9
t23	353
t11	28
t12	15
t13	110
t21	12

Results for priority assignment: [4, 3, 5, 2, 6, 1]
Path	TC
t22	391
t23	9
t11	24
t12	11
t13	66
t21	8
'max_iterations for t21 reached, tasks (likely) not schedulable!'

Results for priority assignment: [4, 3, 5, 6, 1, 2]
Path	TC
t22	0
t23	0
t11	0
t12	0
t13	0
t21	0
'max_iterations for t21 reached, tasks (likely) not schedulable!'

Results for priority assignment: [4, 3, 5, 6, 2, 1]
Path	TC
t22	0
t23	0
t11	0
t12	0
t13	0
t21	0

Results for priority assignment: [4, 3, 6, 1, 2, 5]
Path	TC
t22	12
t23	67
t11	28
t12	15
t13	132
t21	3

Results for priority assignment: [4, 3, 6, 1, 5, 2]
Path	TC
t22	72
t23	8
t11	24
t12	11
t13	145
t21	3

Results for priority assignment: [4, 3, 6, 2, 1, 5]
Path	TC
t22	9
t23	67
t11	28
t12	15
t13	135
t21	12

Results for priority assignment: [4, 3, 6, 2, 5, 1]
Path	TC
t22	72
t23	5
t11	24
t12	11
t13	145
t21	8

Results for priority assignment: [4, 3, 6, 5, 1, 2]
Path	TC
t22	12
t23	15
t11	32
t12	17
t13	199
t21	95

Results for priority assignment: [4, 3, 6, 5, 2, 1]
Path	TC
t22	17
t23	6
t11	32
t12	17
t13	199
t21	95
'max_iterations for t12 reached, tasks (likely) not schedulable!'

Results for priority assignment: [4, 5, 1, 2, 3, 6]
Path	TC
t22	0
t23	0
t11	0
t12	0
t13	0
t21	0

Results for priority assignment: [4, 5, 1, 2, 6, 3]
Path	TC
t22	1077
t23	23
t11	22
t12	269
t13	34
t21	7
'max_iterations for t12 reached, tasks (likely) not schedulable!'

Results for priority assignment: [4, 5, 1, 3, 2, 6]
Path	TC
t22	0
t23	0
t11	0
t12	0
t13	0
t21	0

Results for priority assignment: [4, 5, 1, 3, 6, 2]
Path	TC
t22	1082
t23	20
t11	22
t12	269
t13	34
t21	12
'max_iterations for t21 reached, tasks (likely) not schedulable!'

Results for priority assignment: [4, 5, 1, 6, 2, 3]
Path	TC
t22	0
t23	0
t11	0
t12	0
t13	0
t21	0
'max_iterations for t21 reached, tasks (likely) not schedulable!'

Results for priority assignment: [4, 5, 1, 6, 3, 2]
Path	TC
t22	0
t23	0
t11	0
t12	0
t13	0
t21	0
'max_iterations for t12 reached, tasks (likely) not schedulable!'

Results for priority assignment: [4, 5, 2, 1, 3, 6]
Path	TC
t22	0
t23	0
t11	0
t12	0
t13	0
t21	0

Results for priority assignment: [4, 5, 2, 1, 6, 3]
Path	TC
t22	1074
t23	23
t11	22
t12	269
t13	37
t21	3
'max_iterations for t12 reached, tasks (likely) not schedulable!'

Results for priority assignment: [4, 5, 2, 3, 1, 6]
Path	TC
t22	0
t23	0
t11	0
t12	0
t13	0
t21	0

Results for priority assignment: [4, 5, 2, 3, 6, 1]
Path	TC
t22	1082
t23	16
t11	22
t12	269
t13	39
t21	12
'max_iterations for t21 reached, tasks (likely) not schedulable!'

Results for priority assignment: [4, 5, 2, 6, 1, 3]
Path	TC
t22	0
t23	0
t11	0
t12	0
t13	0
t21	0
'max_iterations for t21 reached, tasks (likely) not schedulable!'

Results for priority assignment: [4, 5, 2, 6, 3, 1]
Path	TC
t22	0
t23	0
t11	0
t12	0
t13	0
t21	0
'max_iterations for t12 reached, tasks (likely) not schedulable!'

Results for priority assignment: [4, 5, 3, 1, 2, 6]
Path	TC
t22	0
t23	0
t11	0
t12	0
t13	0
t21	0

Results for priority assignment: [4, 5, 3, 1, 6, 2]
Path	TC
t22	1074
t23	19
t11	22
t12	269
t13	42
t21	3
'max_iterations for t12 reached, tasks (likely) not schedulable!'

Results for priority assignment: [4, 5, 3, 2, 1, 6]
Path	TC
t22	0
t23	0
t11	0
t12	0
t13	0
t21	0

Results for priority assignment: [4, 5, 3, 2, 6, 1]
Path	TC
t22	1078
t23	16
t11	22
t12	269
t13	42
t21	8
'max_iterations for t21 reached, tasks (likely) not schedulable!'

Results for priority assignment: [4, 5, 3, 6, 1, 2]
Path	TC
t22	0
t23	0
t11	0
t12	0
t13	0
t21	0
'max_iterations for t21 reached, tasks (likely) not schedulable!'

Results for priority assignment: [4, 5, 3, 6, 2, 1]
Path	TC
t22	0
t23	0
t11	0
t12	0
t13	0
t21	0

Results for priority assignment: [4, 5, 6, 1, 2, 3]
Path	TC
t22	12
t23	17
t11	27
t12	50
t13	153
t21	3

Results for priority assignment: [4, 5, 6, 1, 3, 2]
Path	TC
t22	17
t23	8
t11	27
t12	50
t13	153
t21	3

Results for priority assignment: [4, 5, 6, 2, 1, 3]
Path	TC
t22	9
t23	17
t11	27
t12	50
t13	167
t21	12

Results for priority assignment: [4, 5, 6, 2, 3, 1]
Path	TC
t22	17
t23	5
t11	27
t12	50
t13	167
t21	8

Results for priority assignment: [4, 5, 6, 3, 1, 2]
Path	TC
t22	9
t23	14
t11	27
t12	50
t13	167
t21	17

Results for priority assignment: [4, 5, 6, 3, 2, 1]
Path	TC
t22	14
t23	5
t11	27
t12	50
t13	167
t21	17
'max_iterations for t12 reached, tasks (likely) not schedulable!'

Results for priority assignment: [4, 6, 1, 2, 3, 5]
Path	TC
t22	0
t23	0
t11	0
t12	0
t13	0
t21	0
'max_iterations for t12 reached, tasks (likely) not schedulable!'

Results for priority assignment: [4, 6, 1, 2, 5, 3]
Path	TC
t22	0
t23	0
t11	0
t12	0
t13	0
t21	0
'max_iterations for t12 reached, tasks (likely) not schedulable!'

Results for priority assignment: [4, 6, 1, 3, 2, 5]
Path	TC
t22	0
t23	0
t11	0
t12	0
t13	0
t21	0
'max_iterations for t12 reached, tasks (likely) not schedulable!'

Results for priority assignment: [4, 6, 1, 3, 5, 2]
Path	TC
t22	0
t23	0
t11	0
t12	0
t13	0
t21	0
'max_iterations for t12 reached, tasks (likely) not schedulable!'

Results for priority assignment: [4, 6, 1, 5, 2, 3]
Path	TC
t22	0
t23	0
t11	0
t12	0
t13	0
t21	0
'max_iterations for t12 reached, tasks (likely) not schedulable!'

Results for priority assignment: [4, 6, 1, 5, 3, 2]
Path	TC
t22	0
t23	0
t11	0
t12	0
t13	0
t21	0
'max_iterations for t12 reached, tasks (likely) not schedulable!'

Results for priority assignment: [4, 6, 2, 1, 3, 5]
Path	TC
t22	0
t23	0
t11	0
t12	0
t13	0
t21	0
'max_iterations for t12 reached, tasks (likely) not schedulable!'

Results for priority assignment: [4, 6, 2, 1, 5, 3]
Path	TC
t22	0
t23	0
t11	0
t12	0
t13	0
t21	0
'max_iterations for t12 reached, tasks (likely) not schedulable!'

Results for priority assignment: [4, 6, 2, 3, 1, 5]
Path	TC
t22	0
t23	0
t11	0
t12	0
t13	0
t21	0
'max_iterations for t12 reached, tasks (likely) not schedulable!'

Results for priority assignment: [4, 6, 2, 3, 5, 1]
Path	TC
t22	0
t23	0
t11	0
t12	0
t13	0
t21	0
'max_iterations for t12 reached, tasks (likely) not schedulable!'

Results for priority assignment: [4, 6, 2, 5, 1, 3]
Path	TC
t22	0
t23	0
t11	0
t12	0
t13	0
t21	0
'max_iterations for t12 reached, tasks (likely) not schedulable!'

Results for priority assignment: [4, 6, 2, 5, 3, 1]
Path	TC
t22	0
t23	0
t11	0
t12	0
t13	0
t21	0
'max_iterations for t12 reached, tasks (likely) not schedulable!'

Results for priority assignment: [4, 6, 3, 1, 2, 5]
Path	TC
t22	0
t23	0
t11	0
t12	0
t13	0
t21	0
'max_iterations for t12 reached, tasks (likely) not schedulable!'

Results for priority assignment: [4, 6, 3, 1, 5, 2]
Path	TC
t22	0
t23	0
t11	0
t12	0
t13	0
t21	0
'max_iterations for t12 reached, tasks (likely) not schedulable!'

Results for priority assignment: [4, 6, 3, 2, 1, 5]
Path	TC
t22	0
t23	0
t11	0
t12	0
t13	0
t21	0
'max_iterations for t12 reached, tasks (likely) not schedulable!'

Results for priority assignment: [4, 6, 3, 2, 5, 1]
Path	TC
t22	0
t23	0
t11	0
t12	0
t13	0
t21	0
'max_iterations for t12 reached, tasks (likely) not schedulable!'

Results for priority assignment: [4, 6, 3, 5, 1, 2]
Path	TC
t22	0
t23	0
t11	0
t12	0
t13	0
t21	0
'max_iterations for t12 reached, tasks (likely) not schedulable!'

Results for priority assignment: [4, 6, 3, 5, 2, 1]
Path	TC
t22	0
t23	0
t11	0
t12	0
t13	0
t21	0
'max_iterations for t12 reached, tasks (likely) not schedulable!'

Results for priority assignment: [4, 6, 5, 1, 2, 3]
Path	TC
t22	0
t23	0
t11	0
t12	0
t13	0
t21	0
'max_iterations for t12 reached, tasks (likely) not schedulable!'

Results for priority assignment: [4, 6, 5, 1, 3, 2]
Path	TC
t22	0
t23	0
t11	0
t12	0
t13	0
t21	0
'max_iterations for t12 reached, tasks (likely) not schedulable!'

Results for priority assignment: [4, 6, 5, 2, 1, 3]
Path	TC
t22	0
t23	0
t11	0
t12	0
t13	0
t21	0
'max_iterations for t12 reached, tasks (likely) not schedulable!'

Results for priority assignment: [4, 6, 5, 2, 3, 1]
Path	TC
t22	0
t23	0
t11	0
t12	0
t13	0
t21	0
'max_iterations for t12 reached, tasks (likely) not schedulable!'

Results for priority assignment: [4, 6, 5, 3, 1, 2]
Path	TC
t22	0
t23	0
t11	0
t12	0
t13	0
t21	0
'max_iterations for t12 reached, tasks (likely) not schedulable!'

Results for priority assignment: [4, 6, 5, 3, 2, 1]
Path	TC
t22	0
t23	0
t11	0
t12	0
t13	0
t21	0

Results for priority assignment: [5, 1, 2, 3, 4, 6]
Path	TC
t22	18
t23	394
t11	63
t12	5
t13	12
t21	9

Results for priority assignment: [5, 1, 2, 3, 6, 4]
Path	TC
t22	486
t23	19
t11	49
t12	4
t13	10
t21	9

Results for priority assignment: [5, 1, 2, 4, 3, 6]
Path	TC
t22	15
t23	476
t11	73
t12	5
t13	14
t21	18

Results for priority assignment: [5, 1, 2, 4, 6, 3]
Path	TC
t22	486
t23	16
t11	49
t12	4
t13	10
t21	14
'max_iterations for t21 reached, tasks (likely) not schedulable!'

Results for priority assignment: [5, 1, 2, 6, 3, 4]
Path	TC
t22	0
t23	0
t11	0
t12	0
t13	0
t21	0
'max_iterations for t21 reached, tasks (likely) not schedulable!'

Results for priority assignment: [5, 1, 2, 6, 4, 3]
Path	TC
t22	0
t23	0
t11	0
t12	0
t13	0
t21	0

Results for priority assignment: [5, 1, 3, 2, 4, 6]
Path	TC
t22	18
t23	390
t11	63
t12	5
t13	15
t21	5

Results for priority assignment: [5, 1, 3, 2, 6, 4]
Path	TC
t22	486
t23	19
t11	49
t12	4
t13	13
t21	5

Results for priority assignment: [5, 1, 3, 4, 2, 6]
Path	TC
t22	11
t23	472
t11	73
t12	5
t13	23
t21	18

Results for priority assignment: [5, 1, 3, 4, 6, 2]
Path	TC
t22	486
t23	12
t11	49
t12	4
t13	15
t21	14
'max_iterations for t21 reached, tasks (likely) not schedulable!'

Results for priority assignment: [5, 1, 3, 6, 2, 4]
Path	TC
t22	0
t23	0
t11	0
t12	0
t13	0
t21	0
'max_iterations for t21 reached, tasks (likely) not schedulable!'

Results for priority assignment: [5, 1, 3, 6, 4, 2]
Path	TC
t22	0
t23	0
t11	0
t12	0
t13	0
t21	0

Results for priority assignment: [5, 1, 4, 2, 3, 6]
Path	TC
t22	14
t23	386
t11	63
t12	5
t13	24
t21	5

Results for priority assignment: [5, 1, 4, 2, 6, 3]
Path	TC
t22	486
t23	15
t11	49
t12	4
t13	18
t21	5

Results for priority assignment: [5, 1, 4, 3, 2, 6]
Path	TC
t22	11
t23	468
t11	73
t12	5
t13	26
t21	14

Results for priority assignment: [5, 1, 4, 3, 6, 2]
Path	TC
t22	486
t23	12
t11	49
t12	4
t13	18
t21	10
'max_iterations for t21 reached, tasks (likely) not schedulable!'

Results for priority assignment: [5, 1, 4, 6, 2, 3]
Path	TC
t22	0
t23	0
t11	0
t12	0
t13	0
t21	0
'max_iterations for t21 reached, tasks (likely) not schedulable!'

Results for priority assignment: [5, 1, 4, 6, 3, 2]
Path	TC
t22	0
t23	0
t11	0
t12	0
t13	0
t21	0

Results for priority assignment: [5, 1, 6, 2, 3, 4]
Path	TC
t22	14
t23	19
t11	35
t12	4
t13	130
t21	5

Results for priority assignment: [5, 1, 6, 2, 4, 3]
Path	TC
t22	19
t23	10
t11	35
t12	4
t13	130
t21	5

Results for priority assignment: [5, 1, 6, 3, 2, 4]
Path	TC
t22	11
t23	19
t11	35
t12	4
t13	130
t21	14

Results for priority assignment: [5, 1, 6, 3, 4, 2]
Path	TC
t22	19
t23	7
t11	35
t12	4
t13	130
t21	10

Results for priority assignment: [5, 1, 6, 4, 2, 3]
Path	TC
t22	11
t23	16
t11	35
t12	4
t13	130
t21	19

Results for priority assignment: [5, 1, 6, 4, 3, 2]
Path	TC
t22	16
t23	7
t11	35
t12	4
t13	134
t21	19

Results for priority assignment: [5, 2, 1, 3, 4, 6]
Path	TC
t22	18
t23	476
t11	79
t12	10
t13	12
t21	9

Results for priority assignment: [5, 2, 1, 3, 6, 4]
Path	TC
t22	492
t23	19
t11	55
t12	9
t13	10
t21	9

Results for priority assignment: [5, 2, 1, 4, 3, 6]
Path	TC
t22	15
t23	482
t11	80
t12	10
t13	12
t21	18

Results for priority assignment: [5, 2, 1, 4, 6, 3]
Path	TC
t22	492
t23	16
t11	55
t12	9
t13	10
t21	14
'max_iterations for t21 reached, tasks (likely) not schedulable!'

Results for priority assignment: [5, 2, 1, 6, 3, 4]
Path	TC
t22	0
t23	0
t11	0
t12	0
t13	0
t21	0
'max_iterations for t21 reached, tasks (likely) not schedulable!'

Results for priority assignment: [5, 2, 1, 6, 4, 3]
Path	TC
t22	0
t23	0
t11	0
t12	0
t13	0
t21	0

Results for priority assignment: [5, 2, 3, 1, 4, 6]
Path	TC
t22	18
t23	467
t11	69
t12	8
t13	16
t21	3

Results for priority assignment: [5, 2, 3, 1, 6, 4]
Path	TC
t22	492
t23	19
t11	55
t12	8
t13	15
t21	3

Results for priority assignment: [5, 2, 3, 4, 1, 6]
Path	TC
t22	9
t23	574
t11	93
t12	15
t13	25
t21	18

Results for priority assignment: [5, 2, 3, 4, 6, 1]
Path	TC
t22	492
t23	10
t11	55
t12	10
t13	17
t21	14
'max_iterations for t21 reached, tasks (likely) not schedulable!'

Results for priority assignment: [5, 2, 3, 6, 1, 4]
Path	TC
t22	0
t23	0
t11	0
t12	0
t13	0
t21	0
'max_iterations for t21 reached, tasks (likely) not schedulable!'

Results for priority assignment: [5, 2, 3, 6, 4, 1]
Path	TC
t22	0
t23	0
t11	0
t12	0
t13	0
t21	0

Results for priority assignment: [5, 2, 4, 1, 3, 6]
Path	TC
t22	14
t23	467
t11	69
t12	8
t13	25
t21	3

Results for priority assignment: [5, 2, 4, 1, 6, 3]
Path	TC
t22	492
t23	15
t11	55
t12	8
t13	20
t21	3

Results for priority assignment: [5, 2, 4, 3, 1, 6]
Path	TC
t22	9
t23	549
t11	83
t12	15
t13	28
t21	14

Results for priority assignment: [5, 2, 4, 3, 6, 1]
Path	TC
t22	492
t23	10
t11	55
t12	10
t13	20
t21	10
'max_iterations for t21 reached, tasks (likely) not schedulable!'

Results for priority assignment: [5, 2, 4, 6, 1, 3]
Path	TC
t22	0
t23	0
t11	0
t12	0
t13	0
t21	0
'max_iterations for t21 reached, tasks (likely) not schedulable!'

Results for priority assignment: [5, 2, 4, 6, 3, 1]
Path	TC
t22	0
t23	0
t11	0
t12	0
t13	0
t21	0

Results for priority assignment: [5, 2, 6, 1, 3, 4]
Path	TC
t22	14
t23	19
t11	35
t12	7
t13	132
t21	3

Results for priority assignment: [5, 2, 6, 1, 4, 3]
Path	TC
t22	19
t23	10
t11	35
t12	7
t13	132
t21	3

Results for priority assignment: [5, 2, 6, 3, 1, 4]
Path	TC
t22	9
t23	19
t11	35
t12	13
t13	139
t21	14

Results for priority assignment: [5, 2, 6, 3, 4, 1]
Path	TC
t22	19
t23	5
t11	35
t12	9
t13	135
t21	10

Results for priority assignment: [5, 2, 6, 4, 1, 3]
Path	TC
t22	9
t23	16
t11	35
t12	13
t13	139
t21	19

Results for priority assignment: [5, 2, 6, 4, 3, 1]
Path	TC
t22	16
t23	5
t11	35
t12	9
t13	139
t21	19

Results for priority assignment: [5, 3, 1, 2, 4, 6]
Path	TC
t22	18
t23	473
t11	79
t12	13
t13	12
t21	7

Results for priority assignment: [5, 3, 1, 2, 6, 4]
Path	TC
t22	492
t23	19
t11	55
t12	12
t13	10
t21	7

Results for priority assignment: [5, 3, 1, 4, 2, 6]
Path	TC
t22	13
t23	578
t11	93
t12	19
t13	14
t21	18

Results for priority assignment: [5, 3, 1, 4, 6, 2]
Path	TC
t22	569
t23	15
t11	59
t12	14
t13	11
t21	14
'max_iterations for t21 reached, tasks (likely) not schedulable!'

Results for priority assignment: [5, 3, 1, 6, 2, 4]
Path	TC
t22	0
t23	0
t11	0
t12	0
t13	0
t21	0
'max_iterations for t21 reached, tasks (likely) not schedulable!'

Results for priority assignment: [5, 3, 1, 6, 4, 2]
Path	TC
t22	0
t23	0
t11	0
t12	0
t13	0
t21	0

Results for priority assignment: [5, 3, 2, 1, 4, 6]
Path	TC
t22	18
t23	471
t11	69
t12	12
t13	15
t21	3

Results for priority assignment: [5, 3, 2, 1, 6, 4]
Path	TC
t22	492
t23	19
t11	55
t12	12
t13	13
t21	3

Results for priority assignment: [5, 3, 2, 4, 1, 6]
Path	TC
t22	9
t23	574
t11	93
t12	19
t13	23
t21	18

Results for priority assignment: [5, 3, 2, 4, 6, 1]
Path	TC
t22	569
t23	11
t11	59
t12	14
t13	16
t21	14
'max_iterations for t21 reached, tasks (likely) not schedulable!'

Results for priority assignment: [5, 3, 2, 6, 1, 4]
Path	TC
t22	0
t23	0
t11	0
t12	0
t13	0
t21	0
'max_iterations for t21 reached, tasks (likely) not schedulable!'

Results for priority assignment: [5, 3, 2, 6, 4, 1]
Path	TC
t22	0
t23	0
t11	0
t12	0
t13	0
t21	0

Results for priority assignment: [5, 3, 4, 1, 2, 6]
Path	TC
t22	12
t23	473
t11	73
t12	17
t13	26
t21	3

Results for priority assignment: [5, 3, 4, 1, 6, 2]
Path	TC
t22	492
t23	13
t11	55
t12	13
t13	20
t21	3

Results for priority assignment: [5, 3, 4, 2, 1, 6]
Path	TC
t22	9
t23	553
t11	83
t12	18
t13	28
t21	12

Results for priority assignment: [5, 3, 4, 2, 6, 1]
Path	TC
t22	492
t23	10
t11	55
t12	13
t13	20
t21	8
'max_iterations for t21 reached, tasks (likely) not schedulable!'

Results for priority assignment: [5, 3, 4, 6, 1, 2]
Path	TC
t22	0
t23	0
t11	0
t12	0
t13	0
t21	0
'max_iterations for t21 reached, tasks (likely) not schedulable!'

Results for priority assignment: [5, 3, 4, 6, 2, 1]
Path	TC
t22	0
t23	0
t11	0
t12	0
t13	0
t21	0

Results for priority assignment: [5, 3, 6, 1, 2, 4]
Path	TC
t22	12
t23	19
t11	35
t12	16
t13	141
t21	3

Results for priority assignment: [5, 3, 6, 1, 4, 2]
Path	TC
t22	19
t23	8
t11	35
t12	12
t13	137
t21	3

Results for priority assignment: [5, 3, 6, 2, 1, 4]
Path	TC
t22	9
t23	19
t11	35
t12	16
t13	142
t21	12

Results for priority assignment: [5, 3, 6, 2, 4, 1]
Path	TC
t22	19
t23	5
t11	35
t12	12
t13	138
t21	8

Results for priority assignment: [5, 3, 6, 4, 1, 2]
Path	TC
t22	9
t23	14
t11	35
t12	18
t13	144
t21	19

Results for priority assignment: [5, 3, 6, 4, 2, 1]
Path	TC
t22	14
t23	5
t11	35
t12	18
t13	148
t21	19

Results for priority assignment: [5, 4, 1, 2, 3, 6]
Path	TC
t22	16
t23	493
t11	83
t12	22
t13	14
t21	7

Results for priority assignment: [5, 4, 1, 2, 6, 3]
Path	TC
t22	573
t23	17
t11	59
t12	17
t13	12
t21	7

Results for priority assignment: [5, 4, 1, 3, 2, 6]
Path	TC
t22	13
t23	576
t11	93
t12	22
t13	16
t21	16

Results for priority assignment: [5, 4, 1, 3, 6, 2]
Path	TC
t22	573
t23	15
t11	59
t12	17
t13	12
t21	12
'max_iterations for t21 reached, tasks (likely) not schedulable!'

Results for priority assignment: [5, 4, 1, 6, 2, 3]
Path	TC
t22	0
t23	0
t11	0
t12	0
t13	0
t21	0
'max_iterations for t21 reached, tasks (likely) not schedulable!'

Results for priority assignment: [5, 4, 1, 6, 3, 2]
Path	TC
t22	0
t23	0
t11	0
t12	0
t13	0
t21	0

Results for priority assignment: [5, 4, 2, 1, 3, 6]
Path	TC
t22	16
t23	493
t11	83
t12	22
t13	17
t21	3

Results for priority assignment: [5, 4, 2, 1, 6, 3]
Path	TC
t22	573
t23	17
t11	59
t12	17
t13	15
t21	3

Results for priority assignment: [5, 4, 2, 3, 1, 6]
Path	TC
t22	9
t23	572
t11	93
t12	22
t13	25
t21	16

Results for priority assignment: [5, 4, 2, 3, 6, 1]
Path	TC
t22	573
t23	11
t11	59
t12	17
t13	17
t21	12
'max_iterations for t21 reached, tasks (likely) not schedulable!'

Results for priority assignment: [5, 4, 2, 6, 1, 3]
Path	TC
t22	0
t23	0
t11	0
t12	0
t13	0
t21	0
'max_iterations for t21 reached, tasks (likely) not schedulable!'

Results for priority assignment: [5, 4, 2, 6, 3, 1]
Path	TC
t22	0
t23	0
t11	0
t12	0
t13	0
t21	0

Results for priority assignment: [5, 4, 3, 1, 2, 6]
Path	TC
t22	12
t23	493
t11	83
t12	22
t13	26
t21	3

Results for priority assignment: [5, 4, 3, 1, 6, 2]
Path	TC
t22	573
t23	13
t11	59
t12	17
t13	20
t21	3

Results for priority assignment: [5, 4, 3, 2, 1, 6]
Path	TC
t22	9
t23	571
t11	93
t12	22
t13	28
t21	12

Results for priority assignment: [5, 4, 3, 2, 6, 1]
Path	TC
t22	573
t23	11
t11	59
t12	17
t13	20
t21	8
'max_iterations for t21 reached, tasks (likely) not schedulable!'

Results for priority assignment: [5, 4, 3, 6, 1, 2]
Path	TC
t22	0
t23	0
t11	0
t12	0
t13	0
t21	0
'max_iterations for t21 reached, tasks (likely) not schedulable!'

Results for priority assignment: [5, 4, 3, 6, 2, 1]
Path	TC
t22	0
t23	0
t11	0
t12	0
t13	0
t21	0

Results for priority assignment: [5, 4, 6, 1, 2, 3]
Path	TC
t22	12
t23	17
t11	35
t12	21
t13	144
t21	3

Results for priority assignment: [5, 4, 6, 1, 3, 2]
Path	TC
t22	17
t23	8
t11	35
t12	21
t13	144
t21	3

Results for priority assignment: [5, 4, 6, 2, 1, 3]
Path	TC
t22	9
t23	17
t11	35
t12	21
t13	147
t21	12

Results for priority assignment: [5, 4, 6, 2, 3, 1]
Path	TC
t22	17
t23	5
t11	35
t12	21
t13	147
t21	8

Results for priority assignment: [5, 4, 6, 3, 1, 2]
Path	TC
t22	9
t23	14
t11	35
t12	21
t13	147
t21	17

Results for priority assignment: [5, 4, 6, 3, 2, 1]
Path	TC
t22	14
t23	5
t11	35
t12	21
t13	147
t21	17
'max_iterations for t12 reached, tasks (likely) not schedulable!'

Results for priority assignment: [5, 6, 1, 2, 3, 4]
Path	TC
t22	0
t23	0
t11	0
t12	0
t13	0
t21	0
'max_iterations for t12 reached, tasks (likely) not schedulable!'

Results for priority assignment: [5, 6, 1, 2, 4, 3]
Path	TC
t22	0
t23	0
t11	0
t12	0
t13	0
t21	0
'max_iterations for t12 reached, tasks (likely) not schedulable!'

Results for priority assignment: [5, 6, 1, 3, 2, 4]
Path	TC
t22	0
t23	0
t11	0
t12	0
t13	0
t21	0
'max_iterations for t12 reached, tasks (likely) not schedulable!'

Results for priority assignment: [5, 6, 1, 3, 4, 2]
Path	TC
t22	0
t23	0
t11	0
t12	0
t13	0
t21	0
'max_iterations for t12 reached, tasks (likely) not schedulable!'

Results for priority assignment: [5, 6, 1, 4, 2, 3]
Path	TC
t22	0
t23	0
t11	0
t12	0
t13	0
t21	0
'max_iterations for t12 reached, tasks (likely) not schedulable!'

Results for priority assignment: [5, 6, 1, 4, 3, 2]
Path	TC
t22	0
t23	0
t11	0
t12	0
t13	0
t21	0
'max_iterations for t12 reached, tasks (likely) not schedulable!'

Results for priority assignment: [5, 6, 2, 1, 3, 4]
Path	TC
t22	0
t23	0
t11	0
t12	0
t13	0
t21	0
'max_iterations for t12 reached, tasks (likely) not schedulable!'

Results for priority assignment: [5, 6, 2, 1, 4, 3]
Path	TC
t22	0
t23	0
t11	0
t12	0
t13	0
t21	0
'max_iterations for t12 reached, tasks (likely) not schedulable!'

Results for priority assignment: [5, 6, 2, 3, 1, 4]
Path	TC
t22	0
t23	0
t11	0
t12	0
t13	0
t21	0
'max_iterations for t12 reached, tasks (likely) not schedulable!'

Results for priority assignment: [5, 6, 2, 3, 4, 1]
Path	TC
t22	0
t23	0
t11	0
t12	0
t13	0
t21	0
'max_iterations for t12 reached, tasks (likely) not schedulable!'

Results for priority assignment: [5, 6, 2, 4, 1, 3]
Path	TC
t22	0
t23	0
t11	0
t12	0
t13	0
t21	0
'max_iterations for t12 reached, tasks (likely) not schedulable!'

Results for priority assignment: [5, 6, 2, 4, 3, 1]
Path	TC
t22	0
t23	0
t11	0
t12	0
t13	0
t21	0
'max_iterations for t12 reached, tasks (likely) not schedulable!'

Results for priority assignment: [5, 6, 3, 1, 2, 4]
Path	TC
t22	0
t23	0
t11	0
t12	0
t13	0
t21	0
'max_iterations for t12 reached, tasks (likely) not schedulable!'

Results for priority assignment: [5, 6, 3, 1, 4, 2]
Path	TC
t22	0
t23	0
t11	0
t12	0
t13	0
t21	0
'max_iterations for t12 reached, tasks (likely) not schedulable!'

Results for priority assignment: [5, 6, 3, 2, 1, 4]
Path	TC
t22	0
t23	0
t11	0
t12	0
t13	0
t21	0
'max_iterations for t12 reached, tasks (likely) not schedulable!'

Results for priority assignment: [5, 6, 3, 2, 4, 1]
Path	TC
t22	0
t23	0
t11	0
t12	0
t13	0
t21	0
'max_iterations for t12 reached, tasks (likely) not schedulable!'

Results for priority assignment: [5, 6, 3, 4, 1, 2]
Path	TC
t22	0
t23	0
t11	0
t12	0
t13	0
t21	0
'max_iterations for t12 reached, tasks (likely) not schedulable!'

Results for priority assignment: [5, 6, 3, 4, 2, 1]
Path	TC
t22	0
t23	0
t11	0
t12	0
t13	0
t21	0
'max_iterations for t12 reached, tasks (likely) not schedulable!'

Results for priority assignment: [5, 6, 4, 1, 2, 3]
Path	TC
t22	0
t23	0
t11	0
t12	0
t13	0
t21	0
'max_iterations for t12 reached, tasks (likely) not schedulable!'

Results for priority assignment: [5, 6, 4, 1, 3, 2]
Path	TC
t22	0
t23	0
t11	0
t12	0
t13	0
t21	0
'max_iterations for t12 reached, tasks (likely) not schedulable!'

Results for priority assignment: [5, 6, 4, 2, 1, 3]
Path	TC
t22	0
t23	0
t11	0
t12	0
t13	0
t21	0
'max_iterations for t12 reached, tasks (likely) not schedulable!'

Results for priority assignment: [5, 6, 4, 2, 3, 1]
Path	TC
t22	0
t23	0
t11	0
t12	0
t13	0
t21	0
'max_iterations for t12 reached, tasks (likely) not schedulable!'

Results for priority assignment: [5, 6, 4, 3, 1, 2]
Path	TC
t22	0
t23	0
t11	0
t12	0
t13	0
t21	0
'max_iterations for t12 reached, tasks (likely) not schedulable!'

Results for priority assignment: [5, 6, 4, 3, 2, 1]
Path	TC
t22	0
t23	0
t11	0
t12	0
t13	0
t21	0

Results for priority assignment: [6, 1, 2, 3, 4, 5]
Path	TC
t22	18
t23	23
t11	118
t12	8
t13	18
t21	9

Results for priority assignment: [6, 1, 2, 3, 5, 4]
Path	TC
t22	23
t23	14
t11	118
t12	8
t13	18
t21	9

Results for priority assignment: [6, 1, 2, 4, 3, 5]
Path	TC
t22	15
t23	23
t11	118
t12	8
t13	18
t21	18

Results for priority assignment: [6, 1, 2, 4, 5, 3]
Path	TC
t22	23
t23	11
t11	118
t12	8
t13	18
t21	14

Results for priority assignment: [6, 1, 2, 5, 3, 4]
Path	TC
t22	15
t23	20
t11	119
t12	8
t13	18
t21	23

Results for priority assignment: [6, 1, 2, 5, 4, 3]
Path	TC
t22	20
t23	11
t11	119
t12	8
t13	18
t21	23

Results for priority assignment: [6, 1, 3, 2, 4, 5]
Path	TC
t22	18
t23	23
t11	117
t12	8
t13	21
t21	5

Results for priority assignment: [6, 1, 3, 2, 5, 4]
Path	TC
t22	23
t23	14
t11	117
t12	8
t13	21
t21	5

Results for priority assignment: [6, 1, 3, 4, 2, 5]
Path	TC
t22	11
t23	23
t11	118
t12	8
t13	27
t21	18

Results for priority assignment: [6, 1, 3, 4, 5, 2]
Path	TC
t22	23
t23	7
t11	118
t12	8
t13	23
t21	14

Results for priority assignment: [6, 1, 3, 5, 2, 4]
Path	TC
t22	11
t23	20
t11	119
t12	8
t13	27
t21	23

Results for priority assignment: [6, 1, 3, 5, 4, 2]
Path	TC
t22	20
t23	7
t11	119
t12	8
t13	23
t21	23

Results for priority assignment: [6, 1, 4, 2, 3, 5]
Path	TC
t22	14
t23	23
t11	117
t12	8
t13	30
t21	5

Results for priority assignment: [6, 1, 4, 2, 5, 3]
Path	TC
t22	23
t23	10
t11	117
t12	8
t13	26
t21	5

Results for priority assignment: [6, 1, 4, 3, 2, 5]
Path	TC
t22	11
t23	23
t11	118
t12	8
t13	30
t21	14

Results for priority assignment: [6, 1, 4, 3, 5, 2]
Path	TC
t22	23
t23	7
t11	118
t12	8
t13	26
t21	10

Results for priority assignment: [6, 1, 4, 5, 2, 3]
Path	TC
t22	11
t23	16
t11	119
t12	8
t13	32
t21	23

Results for priority assignment: [6, 1, 4, 5, 3, 2]
Path	TC
t22	16
t23	7
t11	119
t12	8
t13	32
t21	23

Results for priority assignment: [6, 1, 5, 2, 3, 4]
Path	TC
t22	14
t23	19
t11	117
t12	8
t13	35
t21	5

Results for priority assignment: [6, 1, 5, 2, 4, 3]
Path	TC
t22	19
t23	10
t11	117
t12	8
t13	35
t21	5

Results for priority assignment: [6, 1, 5, 3, 2, 4]
Path	TC
t22	11
t23	19
t11	118
t12	8
t13	35
t21	14

Results for priority assignment: [6, 1, 5, 3, 4, 2]
Path	TC
t22	19
t23	7
t11	118
t12	8
t13	35
t21	10

Results for priority assignment: [6, 1, 5, 4, 2, 3]
Path	TC
t22	11
t23	16
t11	118
t12	8
t13	35
t21	19

Results for priority assignment: [6, 1, 5, 4, 3, 2]
Path	TC
t22	16
t23	7
t11	118
t12	8
t13	35
t21	19

Results for priority assignment: [6, 2, 1, 3, 4, 5]
Path	TC
t22	18
t23	23
t11	118
t12	12
t13	16
t21	9

Results for priority assignment: [6, 2, 1, 3, 5, 4]
Path	TC
t22	23
t23	14
t11	118
t12	12
t13	16
t21	9

Results for priority assignment: [6, 2, 1, 4, 3, 5]
Path	TC
t22	15
t23	23
t11	119
t12	12
t13	16
t21	18

Results for priority assignment: [6, 2, 1, 4, 5, 3]
Path	TC
t22	23
t23	11
t11	118
t12	12
t13	16
t21	14

Results for priority assignment: [6, 2, 1, 5, 3, 4]
Path	TC
t22	15
t23	20
t11	119
t12	12
t13	16
t21	23

Results for priority assignment: [6, 2, 1, 5, 4, 3]
Path	TC
t22	20
t23	11
t11	119
t12	12
t13	16
t21	23

Results for priority assignment: [6, 2, 3, 1, 4, 5]
Path	TC
t22	18
t23	23
t11	111
t12	10
t13	21
t21	3

Results for priority assignment: [6, 2, 3, 1, 5, 4]
Path	TC
t22	23
t23	14
t11	111
t12	10
t13	21
t21	3

Results for priority assignment: [6, 2, 3, 4, 1, 5]
Path	TC
t22	9
t23	23
t11	125
t12	17
t13	29
t21	18

Results for priority assignment: [6, 2, 3, 4, 5, 1]
Path	TC
t22	23
t23	5
t11	124
t12	13
t13	25
t21	14

Results for priority assignment: [6, 2, 3, 5, 1, 4]
Path	TC
t22	9
t23	20
t11	125
t12	17
t13	29
t21	23

Results for priority assignment: [6, 2, 3, 5, 4, 1]
Path	TC
t22	20
t23	5
t11	125
t12	13
t13	25
t21	23

Results for priority assignment: [6, 2, 4, 1, 3, 5]
Path	TC
t22	14
t23	23
t11	111
t12	10
t13	30
t21	3

Results for priority assignment: [6, 2, 4, 1, 5, 3]
Path	TC
t22	23
t23	10
t11	111
t12	10
t13	26
t21	3

Results for priority assignment: [6, 2, 4, 3, 1, 5]
Path	TC
t22	9
t23	23
t11	124
t12	17
t13	32
t21	14

Results for priority assignment: [6, 2, 4, 3, 5, 1]
Path	TC
t22	23
t23	5
t11	124
t12	13
t13	28
t21	10

Results for priority assignment: [6, 2, 4, 5, 1, 3]
Path	TC
t22	9
t23	16
t11	125
t12	17
t13	34
t21	23

Results for priority assignment: [6, 2, 4, 5, 3, 1]
Path	TC
t22	16
t23	5
t11	125
t12	13
t13	34
t21	23

Results for priority assignment: [6, 2, 5, 1, 3, 4]
Path	TC
t22	14
t23	19
t11	111
t12	10
t13	35
t21	3

Results for priority assignment: [6, 2, 5, 1, 4, 3]
Path	TC
t22	19
t23	10
t11	111
t12	10
t13	35
t21	3

Results for priority assignment: [6, 2, 5, 3, 1, 4]
Path	TC
t22	9
t23	19
t11	124
t12	17
t13	37
t21	14

Results for priority assignment: [6, 2, 5, 3, 4, 1]
Path	TC
t22	19
t23	5
t11	124
t12	13
t13	37
t21	10

Results for priority assignment: [6, 2, 5, 4, 1, 3]
Path	TC
t22	9
t23	16
t11	125
t12	17
t13	37
t21	19

Results for priority assignment: [6, 2, 5, 4, 3, 1]
Path	TC
t22	16
t23	5
t11	125
t12	13
t13	37
t21	19

Results for priority assignment: [6, 3, 1, 2, 4, 5]
Path	TC
t22	18
t23	23
t11	124
t12	15
t13	18
t21	7

Results for priority assignment: [6, 3, 1, 2, 5, 4]
Path	TC
t22	23
t23	14
t11	124
t12	15
t13	18
t21	7

Results for priority assignment: [6, 3, 1, 4, 2, 5]
Path	TC
t22	13
t23	23
t11	132
t12	21
t13	20
t21	18

Results for priority assignment: [6, 3, 1, 4, 5, 2]
Path	TC
t22	23
t23	9
t11	124
t12	17
t13	18
t21	14

Results for priority assignment: [6, 3, 1, 5, 2, 4]
Path	TC
t22	13
t23	20
t11	132
t12	21
t13	20
t21	23

Results for priority assignment: [6, 3, 1, 5, 4, 2]
Path	TC
t22	20
t23	9
t11	125
t12	17
t13	18
t21	23

Results for priority assignment: [6, 3, 2, 1, 4, 5]
Path	TC
t22	18
t23	23
t11	124
t12	15
t13	21
t21	3

Results for priority assignment: [6, 3, 2, 1, 5, 4]
Path	TC
t22	23
t23	14
t11	124
t12	15
t13	21
t21	3

Results for priority assignment: [6, 3, 2, 4, 1, 5]
Path	TC
t22	9
t23	23
t11	132
t12	21
t13	29
t21	18

Results for priority assignment: [6, 3, 2, 4, 5, 1]
Path	TC
t22	23
t23	5
t11	124
t12	17
t13	23
t21	14

Results for priority assignment: [6, 3, 2, 5, 1, 4]
Path	TC
t22	9
t23	20
t11	132
t12	21
t13	29
t21	23

Results for priority assignment: [6, 3, 2, 5, 4, 1]
Path	TC
t22	20
t23	5
t11	125
t12	17
t13	23
t21	23

Results for priority assignment: [6, 3, 4, 1, 2, 5]
Path	TC
t22	12
t23	23
t11	124
t12	20
t13	32
t21	3

Results for priority assignment: [6, 3, 4, 1, 5, 2]
Path	TC
t22	23
t23	8
t11	124
t12	16
t13	28
t21	3

Results for priority assignment: [6, 3, 4, 2, 1, 5]
Path	TC
t22	9
t23	23
t11	124
t12	20
t13	32
t21	12

Results for priority assignment: [6, 3, 4, 2, 5, 1]
Path	TC
t22	23
t23	5
t11	124
t12	16
t13	28
t21	8

Results for priority assignment: [6, 3, 4, 5, 1, 2]
Path	TC
t22	9
t23	14
t11	132
t12	22
t13	36
t21	23

Results for priority assignment: [6, 3, 4, 5, 2, 1]
Path	TC
t22	14
t23	5
t11	132
t12	22
t13	36
t21	23

Results for priority assignment: [6, 3, 5, 1, 2, 4]
Path	TC
t22	12
t23	19
t11	124
t12	20
t13	37
t21	3

Results for priority assignment: [6, 3, 5, 1, 4, 2]
Path	TC
t22	19
t23	8
t11	124
t12	16
t13	37
t21	3

Results for priority assignment: [6, 3, 5, 2, 1, 4]
Path	TC
t22	9
t23	19
t11	124
t12	20
t13	37
t21	12

Results for priority assignment: [6, 3, 5, 2, 4, 1]
Path	TC
t22	19
t23	5
t11	124
t12	16
t13	37
t21	8

Results for priority assignment: [6, 3, 5, 4, 1, 2]
Path	TC
t22	9
t23	14
t11	132
t12	22
t13	39
t21	19

Results for priority assignment: [6, 3, 5, 4, 2, 1]
Path	TC
t22	14
t23	5
t11	132
t12	22
t13	39
t21	19

Results for priority assignment: [6, 4, 1, 2, 3, 5]
Path	TC
t22	16
t23	23
t11	128
t12	24
t13	20
t21	7

Results for priority assignment: [6, 4, 1, 2, 5, 3]
Path	TC
t22	23
t23	12
t11	124
t12	20
t13	18
t21	7

Results for priority assignment: [6, 4, 1, 3, 2, 5]
Path	TC
t22	13
t23	23
t11	132
t12	24
t13	20
t21	16

Results for priority assignment: [6, 4, 1, 3, 5, 2]
Path	TC
t22	23
t23	9
t11	124
t12	20
t13	18
t21	12

Results for priority assignment: [6, 4, 1, 5, 2, 3]
Path	TC
t22	13
t23	18
t11	132
t12	26
t13	20
t21	23

Results for priority assignment: [6, 4, 1, 5, 3, 2]
Path	TC
t22	18
t23	9
t11	133
t12	26
t13	20
t21	23

Results for priority assignment: [6, 4, 2, 1, 3, 5]
Path	TC
t22	16
t23	23
t11	128
t12	24
t13	23
t21	3

Results for priority assignment: [6, 4, 2, 1, 5, 3]
Path	TC
t22	23
t23	12
t11	124
t12	20
t13	21
t21	3

Results for priority assignment: [6, 4, 2, 3, 1, 5]
Path	TC
t22	9
t23	23
t11	132
t12	24
t13	29
t21	16

Results for priority assignment: [6, 4, 2, 3, 5, 1]
Path	TC
t22	23
t23	5
t11	124
t12	20
t13	23
t21	12

Results for priority assignment: [6, 4, 2, 5, 1, 3]
Path	TC
t22	9
t23	18
t11	132
t12	26
t13	29
t21	23

Results for priority assignment: [6, 4, 2, 5, 3, 1]
Path	TC
t22	18
t23	5
t11	133
t12	26
t13	25
t21	23

Results for priority assignment: [6, 4, 3, 1, 2, 5]
Path	TC
t22	12
t23	23
t11	128
t12	24
t13	32
t21	3

Results for priority assignment: [6, 4, 3, 1, 5, 2]
Path	TC
t22	23
t23	8
t11	124
t12	20
t13	26
t21	3

Results for priority assignment: [6, 4, 3, 2, 1, 5]
Path	TC
t22	9
t23	23
t11	128
t12	24
t13	32
t21	12

Results for priority assignment: [6, 4, 3, 2, 5, 1]
Path	TC
t22	23
t23	5
t11	124
t12	20
t13	26
t21	8

Results for priority assignment: [6, 4, 3, 5, 1, 2]
Path	TC
t22	9
t23	14
t11	132
t12	26
t13	34
t21	23

Results for priority assignment: [6, 4, 3, 5, 2, 1]
Path	TC
t22	14
t23	5
t11	132
t12	26
t13	34
t21	23

Results for priority assignment: [6, 4, 5, 1, 2, 3]
Path	TC
t22	12
t23	17
t11	128
t12	25
t13	39
t21	3

Results for priority assignment: [6, 4, 5, 1, 3, 2]
Path	TC
t22	17
t23	8
t11	128
t12	25
t13	39
t21	3

Results for priority assignment: [6, 4, 5, 2, 1, 3]
Path	TC
t22	9
t23	17
t11	128
t12	25
t13	39
t21	12

Results for priority assignment: [6, 4, 5, 2, 3, 1]
Path	TC
t22	17
t23	5
t11	128
t12	25
t13	39
t21	8

Results for priority assignment: [6, 4, 5, 3, 1, 2]
Path	TC
t22	9
t23	14
t11	132
t12	25
t13	39
t21	17

Results for priority assignment: [6, 4, 5, 3, 2, 1]
Path	TC
t22	14
t23	5
t11	132
t12	25
t13	39
t21	17

Results for priority assignment: [6, 5, 1, 2, 3, 4]
Path	TC
t22	16
t23	21
t11	128
t12	29
t13	20
t21	7

Results for priority assignment: [6, 5, 1, 2, 4, 3]
Path	TC
t22	21
t23	12
t11	128
t12	29
t13	20
t21	7

Results for priority assignment: [6, 5, 1, 3, 2, 4]
Path	TC
t22	13
t23	21
t11	132
t12	29
t13	20
t21	16

Results for priority assignment: [6, 5, 1, 3, 4, 2]
Path	TC
t22	21
t23	9
t11	128
t12	29
t13	20
t21	12

Results for priority assignment: [6, 5, 1, 4, 2, 3]
Path	TC
t22	13
t23	18
t11	132
t12	29
t13	20
t21	21

Results for priority assignment: [6, 5, 1, 4, 3, 2]
Path	TC
t22	18
t23	9
t11	132
t12	29
t13	20
t21	21

Results for priority assignment: [6, 5, 2, 1, 3, 4]
Path	TC
t22	16
t23	21
t11	128
t12	29
t13	23
t21	3

Results for priority assignment: [6, 5, 2, 1, 4, 3]
Path	TC
t22	21
t23	12
t11	128
t12	29
t13	23
t21	3

Results for priority assignment: [6, 5, 2, 3, 1, 4]
Path	TC
t22	9
t23	21
t11	132
t12	29
t13	29
t21	16

Results for priority assignment: [6, 5, 2, 3, 4, 1]
Path	TC
t22	21
t23	5
t11	128
t12	29
t13	25
t21	12

Results for priority assignment: [6, 5, 2, 4, 1, 3]
Path	TC
t22	9
t23	18
t11	132
t12	29
t13	29
t21	21

Results for priority assignment: [6, 5, 2, 4, 3, 1]
Path	TC
t22	18
t23	5
t11	132
t12	29
t13	25
t21	21

Results for priority assignment: [6, 5, 3, 1, 2, 4]
Path	TC
t22	12
t23	21
t11	128
t12	29
t13	32
t21	3

Results for priority assignment: [6, 5, 3, 1, 4, 2]
Path	TC
t22	21
t23	8
t11	128
t12	29
t13	28
t21	3

Results for priority assignment: [6, 5, 3, 2, 1, 4]
Path	TC
t22	9
t23	21
t11	128
t12	29
t13	32
t21	12

Results for priority assignment: [6, 5, 3, 2, 4, 1]
Path	TC
t22	21
t23	5
t11	128
t12	29
t13	28
t21	8

Results for priority assignment: [6, 5, 3, 4, 1, 2]
Path	TC
t22	9
t23	14
t11	132
t12	29
t13	34
t21	21

Results for priority assignment: [6, 5, 3, 4, 2, 1]
Path	TC
t22	14
t23	5
t11	132
t12	29
t13	34
t21	21

Results for priority assignment: [6, 5, 4, 1, 2, 3]
Path	TC
t22	12
t23	17
t11	128
t12	29
t13	37
t21	3

Results for priority assignment: [6, 5, 4, 1, 3, 2]
Path	TC
t22	17
t23	8
t11	128
t12	29
t13	37
t21	3

Results for priority assignment: [6, 5, 4, 2, 1, 3]
Path	TC
t22	9
t23	17
t11	128
t12	29
t13	37
t21	12

Results for priority assignment: [6, 5, 4, 2, 3, 1]
Path	TC
t22	17
t23	5
t11	128
t12	29
t13	37
t21	8

Results for priority assignment: [6, 5, 4, 3, 1, 2]
Path	TC
t22	9
t23	14
t11	132
t12	29
t13	37
t21	17

Results for priority assignment: [6, 5, 4, 3, 2, 1]
Path	TC
t22	14
t23	5
t11	132
t12	29
t13	37
t21	17
