pyCPA - Compositional Performance Analysis in Python.

Version devel
Copyright (C) 2010-2017, TU Braunschweig, Germany. All rights reserved.

Permission is hereby granted, free of charge, to any person obtaining a copy
of this software and associated documentation files (the "Software"), to deal
in the Software without restriction, including without limitation the rights
to use, copy, modify, merge, publish, distribute, sublicense, and/or sell
copies of the Software, and to permit persons to whom the Software is
furnished to do so, subject to the following conditions:

The above copyright notice and this permission notice shall be included in
all copies or substantial portions of the Software.

THE SOFTWARE IS PROVIDED "AS IS", WITHOUT WARRANTY OF ANY KIND, EXPRESS OR
IMPLIED, INCLUDING BUT NOT LIMITED TO THE WARRANTIES OF MERCHANTABILITY,
FITNESS FOR A PARTICULAR PURPOSE AND NONINFRINGEMENT. IN NO EVENT SHALL THE
AUTHORS OR COPYRIGHT HOLDERS BE LIABLE FOR ANY CLAIM, DAMAGES OR OTHER
LIABILITY, WHETHER IN AN ACTION OF CONTRACT, TORT OR OTHERWISE, ARISING FROM,
OUT OF OR IN CONNECTION WITH THE SOFTWARE OR THE USE OR OTHER DEALINGS IN
THE SOFTWARE.

invoked via: run_analyses.py --input models/park_assist_shared_pip.graphml --print --run_cpa --add_mutex_blocking --run_sync --run_new --candidate_search --output results/park_assist_shared_pip.csv --build_chains --max_iterations 100

add_mutex_blocking   :                                  True 
all_priorities       :                                 False 
build_chains         :                                  True 
calculate_difference :                                 False 
candidate_search     :                                  True 
check_violations     :                                 False 
debug                :                                 False 
e2e_improved         :                                 False 
input                : models/park_assist_shared_pip.graphml 
max_iterations       :                                   100 
max_wcrt             :                                   inf 
nocaching            :                                 False 
output               :    results/park_assist_shared_pip.csv 
print                :                                  True 
print_differing      :                                 False 
priorities           :                                    [] 
propagation          :                           busy_window 
resume               :                                 False 
run_async            :                                 False 
run_cpa              :                                  True 
run_new              :                                  True 
run_sync             :                                  True 
run_sync_refined     :                                 False 
show                 :                                 False 
verbose              :                                 False 



'max_iterations for LA-OM::1 reached, tasks (likely) not schedulable!'
Warning: no task_results for task LA::1
Warning: no task_results for task LA-O1OR::1
Warning: no task_results for task LA::2
Warning: no task_results for task LA-OM::1
Warning: no task_results for task LA::3
Warning: no task_results for task LA-S::1
Warning: no task_results for task P::1
Warning: no task_results for task P-TC::1
Warning: no task_results for task P-O1OR::1
Warning: no task_results for task P-TC::2
Warning: no task_results for task LA::1
Warning: no task_results for task LA-O1OR::1
Warning: no task_results for task LA::2
Warning: no task_results for task LA-OM::1
Warning: no task_results for task LA::3
Warning: no task_results for task LA-S::1
Warning: no task_results for task P::1
Warning: no task_results for task P-TC::1
Warning: no task_results for task P-O1OR::1
Warning: no task_results for task P-TC::2

Results for priority assignment: [1, 2]
Path	STD	TC	SYNC
LA::4	0	76	76
P::2	0	36	26
'max_iterations for LA-S::1 reached, tasks (likely) not schedulable!'
Warning: no task_results for task LA::1
Warning: no task_results for task LA-O1OR::1
Warning: no task_results for task LA::2
Warning: no task_results for task LA-OM::1
Warning: no task_results for task LA::3
Warning: no task_results for task LA-S::1
Warning: no task_results for task P::1
Warning: no task_results for task P-TC::1
Warning: no task_results for task P-O1OR::1
Warning: no task_results for task P-TC::2
Warning: no task_results for task LA::1
Warning: no task_results for task LA-O1OR::1
Warning: no task_results for task LA::2
Warning: no task_results for task LA-OM::1
Warning: no task_results for task LA::3
Warning: no task_results for task LA-S::1
Warning: no task_results for task P::1
Warning: no task_results for task P-TC::1
Warning: no task_results for task P-O1OR::1
Warning: no task_results for task P-TC::2

Results for priority assignment: [2, 1]
Path	STD	TC	SYNC
LA::4	0	60	50
P::2	0	76	76
